+-------------------------------------------------------------------------
| COATJAVA LIBRARY DIRECTORY =  /group/clas12/packages/coatjava/6.5.3/bin/..//lib/clas/
+-------------------------------------------------------------------------
 
 
*****************************************
*    Running COAT-JAVA Groovy Scripts   *
*    Version : 3a  Release : 2016       *
*****************************************
 
 
[SystemFonts] ---> set size = 25, available 2
reader:: *****>>>>> openning file : /cache/clas12/rg-a/production/recon/fall2018/torus-1/pass1/v0/dst/train/skim4/skim4_005038.hipo
reader:: ***** dictionary entries :          135
reader:: ************ file size   :  20899891076
reader:: **** scan trailer #bytes :       119928
reader:: ***** number of  records :         3747
reader:: ***** number of  events  :      8934140
[DataSourceDump] --> opened file with events # 
Skipped 1988 events from /cache/clas12/rg-a/production/recon/fall2018/torus-1/pass1/v0/dst/train/skim4/skim4_005038.hipo
reader:: *****>>>>> openning file : /cache/clas12/rg-a/production/recon/fall2018/torus-1/pass1/v0/dst/train/skim4/skim4_005249.hipo
reader:: ***** dictionary entries :          135
reader:: ************ file size   :  23537616160
reader:: **** scan trailer #bytes :       142744
reader:: ***** number of  records :         4460
reader:: ***** number of  events  :      9335803
[DataSourceDump] --> opened file with events # 
Skipped 2123 events from /cache/clas12/rg-a/production/recon/fall2018/torus-1/pass1/v0/dst/train/skim4/skim4_005249.hipo
reader:: *****>>>>> openning file : /cache/clas12/rg-a/production/recon/fall2018/torus-1/pass1/v0/dst/train/skim4/skim4_005248.hipo
reader:: ***** dictionary entries :          135
reader:: ************ file size   :  23437016452
reader:: **** scan trailer #bytes :       142232
reader:: ***** number of  records :         4444
reader:: ***** number of  events  :      9311516
[DataSourceDump] --> opened file with events # 
Skipped 2069 events from /cache/clas12/rg-a/production/recon/fall2018/torus-1/pass1/v0/dst/train/skim4/skim4_005248.hipo
reader:: *****>>>>> openning file : /cache/clas12/rg-a/production/recon/fall2018/torus-1/pass1/v0/dst/train/skim4/skim4_005232.hipo
reader:: ***** dictionary entries :          135
reader:: ************ file size   :  23075869224
reader:: **** scan trailer #bytes :       140088
reader:: ***** number of  records :         4377
reader:: ***** number of  events  :      9273384
[DataSourceDump] --> opened file with events # 
Skipped 2108 events from /cache/clas12/rg-a/production/recon/fall2018/torus-1/pass1/v0/dst/train/skim4/skim4_005232.hipo
reader:: *****>>>>> openning file : /cache/clas12/rg-a/production/recon/fall2018/torus-1/pass1/v0/dst/train/skim4/skim4_005231.hipo
reader:: ***** dictionary entries :          135
reader:: ************ file size   :  23045308232
reader:: **** scan trailer #bytes :       139832
reader:: ***** number of  records :         4369
reader:: ***** number of  events  :      9221689
[DataSourceDump] --> opened file with events # 
Skipped 2149 events from /cache/clas12/rg-a/production/recon/fall2018/torus-1/pass1/v0/dst/train/skim4/skim4_005231.hipo
s=1.0, mu=0.7155, sig=0.055, cons=0.0, lin=0.0
 FCN=6.07401e-08 FROM HESSE     STATUS=NOT POSDEF     40 CALLS         157 TOTAL
                     EDM=1.21134e-07    STRATEGY= 1      ERR MATRIX NOT POS-DEF
  EXT PARAMETER                APPROXIMATE        STEP         FIRST   
  NO.   NAME      VALUE            ERROR          SIZE      DERIVATIVE 
   1  p0           1.07697e+00   1.16073e+01   9.05477e-05  -4.22093e-04
   2  p1           7.55029e-01   1.02881e-01   4.91922e-05   6.09120e-04
   3  p2           5.81011e-02   1.07582e+00   8.93738e-06  -4.08590e-03
   4  p3           5.81382e-02   8.88439e+00   6.90534e-05  -5.48050e-04
   5  p4           7.88131e-02   1.17572e+01   9.11948e-05  -3.95911e-04
   6  p5           1.05740e-01   1.54118e+01   1.19678e-04  -2.86388e-04
s=4354.0, mu=0.9225, sig=0.055, cons=-3402.5, lin=5225.0
 FCN=113.601 FROM MIGRAD    STATUS=CONVERGED     276 CALLS         277 TOTAL
                     EDM=6.96773e-07    STRATEGY= 1      ERROR MATRIX ACCURATE 
  EXT PARAMETER                                   STEP         FIRST   
  NO.   NAME      VALUE            ERROR          SIZE      DERIVATIVE 
   1  p0           2.99550e+03   3.13586e+01   6.44632e-02   1.15624e-05
   2  p1           9.17037e-01   3.63787e-04   7.65260e-06  -5.92280e-01
   3  p2           5.87653e-02   6.53483e-04   1.09984e-06   1.12586e+00
   4  p3          -9.17022e+02   7.39820e+02   1.96367e-02   3.84227e-05
   5  p4          -5.44623e+02   1.69989e+03   2.38988e-02   2.68754e-05
   6  p5           3.15926e+03   9.36585e+02   2.78528e-02   1.64406e-05
s=4673.0, mu=0.9225, sig=0.055, cons=-2926.0, lin=4790.0
 FCN=74.8363 FROM MIGRAD    STATUS=CONVERGED     290 CALLS         291 TOTAL
                     EDM=8.12907e-09    STRATEGY= 1      ERROR MATRIX ACCURATE 
  EXT PARAMETER                                   STEP         FIRST   
  NO.   NAME      VALUE            ERROR          SIZE      DERIVATIVE 
   1  p0           3.05993e+03   3.38265e+01   5.56350e-02  -5.53251e-06
   2  p1           9.15721e-01   3.59842e-04   6.38561e-06  -4.88564e-03
   3  p2           5.71759e-02   6.58151e-04   9.31229e-07  -1.01170e-01
   4  p3          -4.41343e+03   8.29460e+02   1.80547e-02  -2.85292e-06
   5  p4           8.08664e+03   1.90620e+03   2.15501e-02  -3.04652e-06
   6  p5          -1.75939e+03   1.05188e+03   2.46033e-02  -2.97634e-06
s=1156.0, mu=0.927, sig=0.367219499649, cons=-861.25, lin=1417.5
 FCN=97.7729 FROM HESSE     STATUS=NOT POSDEF     40 CALLS        1199 TOTAL
                     EDM=3.06926e-08    STRATEGY= 1      ERR MATRIX NOT POS-DEF
  EXT PARAMETER                APPROXIMATE        STEP         FIRST   
  NO.   NAME      VALUE            ERROR          SIZE      DERIVATIVE 
   1  p0           5.87720e+02   8.43540e+00   5.83887e-03  -1.91704e-05
   2  p1           9.14541e-01   1.02269e-03   4.05934e-06  -3.77380e-02
   3  p2           6.46933e-02   1.22042e-03   6.02035e-07  -2.15274e-01
   4  p3          -1.58598e+03   1.79089e+01   2.32088e-03  -3.73041e-05
   5  p4           3.18485e+03   3.52134e+01   2.72912e-03  -3.59842e-05
   6  p5          -1.02133e+03   2.38810e+01   3.07430e-03  -3.48922e-05
s=315.0, mu=0.9225, sig=0.381022993586, cons=-251.25, lin=437.5
 FCN=89.8221 FROM HESSE     STATUS=NOT POSDEF     40 CALLS        1499 TOTAL
                     EDM=6.38517e-07    STRATEGY= 1      ERR MATRIX NOT POS-DEF
  EXT PARAMETER                APPROXIMATE        STEP         FIRST   
  NO.   NAME      VALUE            ERROR          SIZE      DERIVATIVE 
   1  p0           1.15969e+02   4.51222e+00   3.03572e-03  -3.87591e-05
   2  p1           9.10288e-01   2.65615e-03   1.05158e-05   4.31449e-02
   3  p2           6.14915e-02   3.11400e-03   1.59516e-06   2.20970e-01
   4  p3          -6.41813e+02   1.02717e+01   1.29002e-03   8.88608e-05
   5  p4           1.38725e+03   2.01613e+01   1.49455e-03   1.61174e-04
   6  p5          -5.45714e+02   1.34005e+01   1.66314e-03   2.20340e-04
s=481.0, mu=0.9675, sig=0.44298432728, cons=-390.5, lin=705.0
 FCN=16.2002 FROM HESSE     STATUS=NOT POSDEF     40 CALLS        1532 TOTAL
                     EDM=4.81043e-08    STRATEGY= 1      ERR MATRIX NOT POS-DEF
  EXT PARAMETER                APPROXIMATE        STEP         FIRST   
  NO.   NAME      VALUE            ERROR          SIZE      DERIVATIVE 
   1  p0           1.38992e+02   1.31965e+01   3.41061e-03   4.36724e-06
   2  p1           9.08054e-01   7.36980e-03   1.16585e-05  -8.13497e-03
   3  p2           7.20997e-02   9.49395e-03   1.78446e-06   2.27155e-02
   4  p3          -1.31434e+03   3.00824e+01   1.63241e-03   2.62012e-05
   5  p4           2.90665e+03   5.76502e+01   1.88538e-03   2.23216e-05
   6  p5          -1.24346e+03   3.91960e+01   2.08995e-03   1.95669e-05
s=175.0, mu=0.945, sig=0.055, cons=-139.5, lin=265.0
 FCN=10.9809 FROM HESSE     STATUS=NOT POSDEF     40 CALLS         293 TOTAL
                     EDM=6.20745e-07    STRATEGY= 1      ERR MATRIX NOT POS-DEF
  EXT PARAMETER                APPROXIMATE        STEP         FIRST   
  NO.   NAME      VALUE            ERROR          SIZE      DERIVATIVE 
   1  p0           7.06409e+01   1.00857e+01   1.57258e-03   6.79940e-05
   2  p1           8.94219e-01   1.09295e-02   1.23066e-05   2.19594e-02
   3  p2           8.56374e-02   1.72439e-02   1.90662e-06  -4.65908e-02
   4  p3          -1.57608e+02   2.08030e+01   8.45013e-04  -4.77510e-06
   5  p4           2.63520e+02   3.55089e+01   9.79039e-04   1.33535e-05
   6  p5           1.90296e+01   2.54177e+01   1.08842e-03   3.20709e-05
Fit:0: RuntimeWarning: Abnormal termination of minimization.
s=85.0, mu=0.945, sig=0.055, cons=-69.75, lin=132.5
 FCN=6.00767 FROM MIGRAD    STATUS=CALL LIMIT   1786 CALLS        1787 TOTAL
                     EDM=0.000376402    STRATEGY= 1      ERR MATRIX NOT POS-DEF
  EXT PARAMETER                APPROXIMATE        STEP         FIRST   
  NO.   NAME      VALUE            ERROR          SIZE      DERIVATIVE 
   1  p0           6.42189e+02   1.04840e+03   1.50830e+01   5.17555e-03
   2  p1           9.02308e-01   1.22939e-02  -6.99001e-05  -2.90767e+00
   3  p2           2.63190e-01   1.32007e-01   1.77672e-03   7.61518e+00
   4  p3           2.09823e+03   2.26332e+03   2.47013e+01   6.96144e-03
   5  p4          -6.04882e+03   7.01059e+03  -8.81167e+01   4.22927e-03
   6  p5           3.42888e+03   3.86282e+03   4.87748e+01   2.23230e-03
s=46.0, mu=1.035, sig=0.055, cons=-49.5, lin=85.0
 FCN=6.59143 FROM MIGRAD    STATUS=CONVERGED     367 CALLS         368 TOTAL
                     EDM=1.53315e-07    STRATEGY= 1      ERROR MATRIX ACCURATE 
  EXT PARAMETER                                   STEP         FIRST   
  NO.   NAME      VALUE            ERROR          SIZE      DERIVATIVE 
   1  p0           1.33351e+01   5.77835e+00   5.78523e-03  -5.09170e-05
   2  p1           9.40677e-01   1.36034e-02   8.65124e-05  -9.45836e-04
   3  p2           2.89179e-02   1.86982e-02   1.43129e-05   1.62971e-02
   4  p3          -2.39049e+01   9.88653e+01   1.54893e-03   4.05591e-05
   5  p4           1.50107e+01   2.24932e+02   1.82224e-03   6.22951e-05
   6  p5           4.66476e+01   1.24936e+02   2.06662e-03   8.04029e-05
s=24.0, mu=1.035, sig=0.344208172266, cons=-23.75, lin=42.5
 FCN=11.8918 FROM HESSE     STATUS=NOT POSDEF     40 CALLS        1032 TOTAL
                     EDM=1.81377e-07    STRATEGY= 1      ERR MATRIX NOT POS-DEF
  EXT PARAMETER                APPROXIMATE        STEP         FIRST   
  NO.   NAME      VALUE            ERROR          SIZE      DERIVATIVE 
   1  p0          -2.51341e+02   1.24622e+03   4.10531e-02   3.96613e-06
   2  p1           1.09998e+00   3.93466e-01   1.48044e-05  -2.21171e-03
   3  p2          -3.34190e-03   2.44248e-03   8.03394e-08   2.03546e+00
   4  p3           6.02236e+00   5.21970e+00   2.96015e-04   5.51653e-04
   5  p4          -2.29395e+01   9.56216e+00   3.39307e-04   4.87616e-04
   6  p5           3.55216e+01   6.79054e+00   3.75306e-04   4.39422e-04
Info in <TCanvas::Print>: pdf file hists/out10_total.pdf has been created
Info in <TCanvas::Print>: pdf file hists/out10_proton.pdf has been created
Info in <TCanvas::Print>: pdf file hists/graphs/out10_Nentries_Q2.pdf has been created
Info in <TCanvas::Print>: pdf file hists/graphs/out10_muerr_Q2.pdf has been created
Info in <TCanvas::Print>: pdf file hists/graphs/out10_musig_Q2.pdf has been created
s=1986.0, mu=0.9405, sig=0.055, cons=-1215.25, lin=1957.5
 FCN=97.1524 FROM MIGRAD    STATUS=CONVERGED     274 CALLS         275 TOTAL
                     EDM=4.98808e-07    STRATEGY= 1      ERROR MATRIX ACCURATE 
  EXT PARAMETER                                   STEP         FIRST   
  NO.   NAME      VALUE            ERROR          SIZE      DERIVATIVE 
   1  p0           1.26745e+03   1.60928e+01   4.16453e-02  -6.59513e-06
   2  p1           9.30412e-01   5.68489e-04   1.12576e-05   3.28967e-02
   3  p2           5.52270e-02   8.33269e-04   1.63302e-06  -3.44241e-01
   4  p3          -1.61172e+03   3.50913e+02   1.22538e-02  -1.62187e-04
   5  p4           2.63999e+03   8.00721e+02   1.48678e-02  -1.44694e-04
   6  p5          -2.34102e+02   4.39671e+02   1.73001e-02  -1.32295e-04
s=1735.0, mu=0.9225, sig=0.055, cons=-1282.25, lin=1997.5
 FCN=69.5691 FROM MIGRAD    STATUS=CONVERGED     289 CALLS         290 TOTAL
                     EDM=1.61758e-06    STRATEGY= 1      ERROR MATRIX ACCURATE 
  EXT PARAMETER                                   STEP         FIRST   
  NO.   NAME      VALUE            ERROR          SIZE      DERIVATIVE 
   1  p0           1.10652e+03   1.73023e+01   3.18513e-02   5.03144e-05
   2  p1           9.32427e-01   6.82161e-04   1.06456e-05  -2.80122e-02
   3  p2           5.95117e-02   1.04465e-03   1.53536e-06   1.56363e+00
   4  p3          -7.32707e+02   3.75239e+02   9.97905e-03  -1.58189e-04
   5  p4           6.86635e+02   8.54917e+02   1.21156e-02  -1.00649e-04
   6  p5           7.58709e+02   4.67457e+02   1.41164e-02  -5.85924e-05
s=1340.0, mu=0.882, sig=0.055, cons=-1002.0, lin=1730.0
 FCN=78.5586 FROM HESSE     STATUS=NOT POSDEF     40 CALLS         358 TOTAL
                     EDM=7.8769e-07    STRATEGY= 1      ERR MATRIX NOT POS-DEF
  EXT PARAMETER                APPROXIMATE        STEP         FIRST   
  NO.   NAME      VALUE            ERROR          SIZE      DERIVATIVE 
   1  p0           8.54526e+02   9.22194e+00   5.44687e-03  -5.17212e-05
   2  p1           8.69660e-01   7.72045e-04   2.68532e-06   2.87162e-01
   3  p2           6.77049e-02   1.05056e-03   3.95774e-07  -1.52417e+00
   4  p3           1.10695e+03   2.27783e+01   2.45608e-03  -2.07337e-04
   5  p4          -3.20618e+03   4.01188e+01   2.80728e-03  -1.80042e-04
   6  p5           2.72983e+03   2.77081e+01   3.07715e-03  -1.60439e-04
s=1990.0, mu=0.9225, sig=0.055, cons=-1359.5, lin=2125.0
 FCN=107.161 FROM MIGRAD    STATUS=CONVERGED     276 CALLS         277 TOTAL
                     EDM=4.5418e-07    STRATEGY= 1      ERROR MATRIX ACCURATE 
  EXT PARAMETER                                   STEP         FIRST   
  NO.   NAME      VALUE            ERROR          SIZE      DERIVATIVE 
   1  p0           1.30200e+03   1.85415e+01   4.17204e-02   5.88028e-05
   2  p1           9.22990e-01   5.46877e-04   1.12142e-05   1.15455e-01
   3  p2           5.75196e-02   9.23791e-04   1.62279e-06   5.54745e-01
   4  p3          -1.09900e+02   4.35690e+02   1.26578e-02   1.75675e-04
   5  p4          -7.67493e+02   9.96539e+02   1.53311e-02   1.68845e-04
   6  p5           1.58938e+03   5.47259e+02   1.77976e-02   1.65764e-04
s=2080.0, mu=0.9135, sig=0.055, cons=-1483.75, lin=2312.5
 FCN=94.8812 FROM MIGRAD    STATUS=CONVERGED     275 CALLS         276 TOTAL
                     EDM=1.41848e-08    STRATEGY= 1      ERROR MATRIX ACCURATE 
  EXT PARAMETER                                   STEP         FIRST   
  NO.   NAME      VALUE            ERROR          SIZE      DERIVATIVE 
   1  p0           1.47170e+03   2.16293e+01   4.12205e-02  -3.28415e-06
   2  p1           9.09730e-01   4.65304e-04   9.44708e-06   8.26967e-02
   3  p2           5.62254e-02   8.82271e-04   1.35743e-06  -8.35946e-02
   4  p3          -2.26652e+02   5.40321e+02   1.24535e-02  -6.83104e-06
   5  p4          -5.07323e+02   1.24527e+03   1.49941e-02  -1.96953e-06
   6  p5           1.46778e+03   6.89303e+02   1.72599e-02   2.03180e-06
s=1992.0, mu=0.909, sig=0.055, cons=-1280.25, lin=2057.5
 FCN=82.7775 FROM MIGRAD    STATUS=CONVERGED     209 CALLS         210 TOTAL
                     EDM=2.76546e-10    STRATEGY= 1  ERROR MATRIX UNCERTAINTY   0.0 per cent
  EXT PARAMETER                                   STEP         FIRST   
  NO.   NAME      VALUE            ERROR          SIZE      DERIVATIVE 
   1  p0           1.33565e+03   2.00535e+01  -3.57569e-01   1.21080e-06
   2  p1           9.10585e-01   4.98340e-04   7.65724e-06   5.44189e-05
   3  p2           5.46909e-02   8.90771e-04  -1.52693e-05   6.24560e-02
   4  p3          -1.31398e+03   4.99705e+02  -1.07108e+01   1.16001e-05
   5  p4           2.07685e+03   1.15063e+03   2.46697e+01   9.63698e-06
   6  p5           1.02252e+01   6.37025e+02  -1.36553e+01   8.19462e-06
Info in <TCanvas::Print>: pdf file hists/out6_total.pdf has been created
Info in <TCanvas::Print>: pdf file hists/out6_proton.pdf has been created
Info in <TCanvas::Print>: pdf file hists/graphs/out6_Nentries_sec.pdf has been created
Info in <TCanvas::Print>: pdf file hists/graphs/out6_muerr_sec.pdf has been created
Info in <TCanvas::Print>: pdf file hists/graphs/out6_musig_sec.pdf has been created
s=10598.0, mu=0.9225, sig=0.055, cons=-7623.0, lin=12180.0
 FCN=86.1581 FROM MIGRAD    STATUS=CONVERGED     276 CALLS         277 TOTAL
                     EDM=8.81586e-08    STRATEGY= 1      ERROR MATRIX ACCURATE 
  EXT PARAMETER                                   STEP         FIRST   
  NO.   NAME      VALUE            ERROR          SIZE      DERIVATIVE 
   1  p0           6.76161e+03   5.38580e+01   8.87433e-02  -1.24069e-06
   2  p1           9.16088e-01   2.52889e-04   4.72199e-06   9.06524e-02
   3  p2           5.84093e-02   4.72822e-04   6.89306e-07  -1.13349e+00
   4  p3          -8.84250e+03   1.30411e+03   2.94213e-02  -3.29605e-06
   5  p4           1.50321e+04   2.99715e+03   3.51982e-02  -1.38671e-06
   6  p5          -1.64277e+03   1.65265e+03   4.02978e-02   2.30051e-07
Info in <TCanvas::Print>: pdf file hists/out1_total.pdf has been created
Info in <TCanvas::Print>: pdf file hists/out1_proton.pdf has been created
Fit:0: RuntimeWarning: Fit data is empty 
s=0.0, mu=0.6975, sig=0.055, cons=0.0, lin=0.0
s=884.0, mu=0.9405, sig=0.055, cons=-553.5, lin=845.0
 FCN=94.7295 FROM MIGRAD    STATUS=CONVERGED     286 CALLS         287 TOTAL
                     EDM=4.83334e-08    STRATEGY= 1      ERROR MATRIX ACCURATE 
  EXT PARAMETER                                   STEP         FIRST   
  NO.   NAME      VALUE            ERROR          SIZE      DERIVATIVE 
   1  p0           6.05268e+02   8.53401e+00   2.75226e-02  -8.95872e-06
   2  p1           9.36498e-01   7.25777e-04   1.43550e-05   6.47942e-02
   3  p2           5.17985e-02   8.96389e-04   2.01664e-06  -2.04366e-01
   4  p3           3.43272e+01   1.48915e+02   6.36857e-03   6.54397e-05
   5  p4          -6.15160e+02   3.40613e+02   7.94133e-03   5.52537e-05
   6  p5           8.64811e+02   1.88386e+02   9.54055e-03   4.88489e-05
s=929.0, mu=0.9315, sig=0.055, cons=-474.75, lin=792.5
 FCN=104.78 FROM MIGRAD    STATUS=CONVERGED     283 CALLS         284 TOTAL
                     EDM=7.72086e-09    STRATEGY= 1      ERROR MATRIX ACCURATE 
  EXT PARAMETER                                   STEP         FIRST   
  NO.   NAME      VALUE            ERROR          SIZE      DERIVATIVE 
   1  p0           5.87452e+02   1.17440e+01   2.88100e-02   1.85455e-06
   2  p1           9.23898e-01   8.05074e-04   1.68028e-05  -1.48566e-02
   3  p2           5.57614e-02   1.27205e-03   2.43734e-06   8.99877e-02
   4  p3          -7.81078e+02   2.71022e+02   8.69442e-03   3.29919e-05
   5  p4           1.38338e+03   6.20152e+02   1.04806e-02   2.96742e-05
   6  p5          -2.61205e+02   3.41114e+02   1.20956e-02   2.72624e-05
s=196.0, mu=0.927, sig=0.055, cons=-122.5, lin=205.0
 FCN=80.9898 FROM HESSE     STATUS=NOT POSDEF     40 CALLS         434 TOTAL
                     EDM=2.63954e-08    STRATEGY= 1      ERR MATRIX NOT POS-DEF
  EXT PARAMETER                APPROXIMATE        STEP         FIRST   
  NO.   NAME      VALUE            ERROR          SIZE      DERIVATIVE 
   1  p0           8.50364e+01   3.91806e+00   1.96127e-03  -5.21602e-06
   2  p1           9.24336e-01   3.63974e-03   1.09697e-05  -1.41880e-02
   3  p2           7.48972e-02   4.68984e-03   1.62848e-06  -2.72839e-03
   4  p3          -3.08219e+02   7.49598e+00   8.43183e-04  -3.60511e-05
   5  p4           6.07409e+02   1.39912e+01   1.00145e-03  -3.13543e-05
   6  p5          -2.01529e+02   1.06659e+01   1.14019e-03  -2.87366e-05
s=61.0, mu=0.9765, sig=0.055, cons=-36.5, lin=65.0
 FCN=79.1954 FROM HESSE     STATUS=NOT POSDEF     40 CALLS         484 TOTAL
                     EDM=3.79007e-08    STRATEGY= 1      ERR MATRIX NOT POS-DEF
  EXT PARAMETER                APPROXIMATE        STEP         FIRST   
  NO.   NAME      VALUE            ERROR          SIZE      DERIVATIVE 
   1  p0           2.61006e+01   3.56523e+00   8.83483e-04  -1.36889e-04
   2  p1           9.31349e-01   9.76407e-03   2.07124e-05  -6.18632e-03
   3  p2           9.35878e-02   1.41480e-02   3.20593e-06  -5.55096e-03
   4  p3           1.22995e+02   4.62552e+00   4.79896e-04  -1.06003e-04
   5  p4          -3.00485e+02   7.81098e+00   5.59131e-04  -1.46493e-04
   6  p5           2.00162e+02   7.14192e+00   6.27160e-04  -1.78123e-04
s=26.0, mu=0.9495, sig=0.055, cons=-18.75, lin=32.5
 FCN=102.075 FROM MIGRAD    STATUS=CONVERGED     392 CALLS         393 TOTAL
                     EDM=3.86222e-07    STRATEGY= 1      ERROR MATRIX ACCURATE 
  EXT PARAMETER                                   STEP         FIRST   
  NO.   NAME      VALUE            ERROR          SIZE      DERIVATIVE 
   1  p0           4.92299e+00   1.43339e+00   5.23794e-03  -1.54001e-04
   2  p1           9.82643e-01   1.22322e-02   2.89779e-04  -1.40359e-02
   3  p2          -3.60224e-02   8.48243e-03   3.20708e-05   2.81170e-03
   4  p3          -6.58421e+01   2.23910e+01   1.53497e-03  -2.91871e-04
   5  p4           1.43238e+02   5.15754e+01   1.80037e-03  -2.75795e-04
   6  p5          -6.51131e+01   2.92212e+01   2.03278e-03  -2.71307e-04
s=11.0, mu=1.044, sig=0.49551447732, cons=-7.75, lin=12.5
 FCN=78.1709 FROM HESSE     STATUS=NOT POSDEF     40 CALLS         507 TOTAL
                     EDM=1.41403e-09    STRATEGY= 1      ERR MATRIX NOT POS-DEF
  EXT PARAMETER                APPROXIMATE        STEP         FIRST   
  NO.   NAME      VALUE            ERROR          SIZE      DERIVATIVE 
   1  p0           9.32251e+01   2.04588e+03   1.24643e-01  -2.48662e-07
   2  p1           1.09965e+00   5.22211e-02   1.08256e-05   5.81771e-04
   3  p2          -1.36662e-03   3.11703e-03   4.49145e-08   1.44754e-01
   4  p3          -2.93162e+01   1.32449e+00   1.65756e-04   1.58109e-04
   5  p4           6.47856e+01   2.58197e+00   1.90062e-04   1.30679e-04
   6  p5          -3.10363e+01   1.69269e+00   2.10395e-04   1.09395e-04
s=6.0, mu=0.981, sig=0.055, cons=2.0, lin=0.0
 FCN=41.3771 FROM MIGRAD    STATUS=CONVERGED     282 CALLS         283 TOTAL
                     EDM=6.48742e-07    STRATEGY= 1  ERROR MATRIX UNCERTAINTY  12.8 per cent
  EXT PARAMETER                                   STEP         FIRST   
  NO.   NAME      VALUE            ERROR          SIZE      DERIVATIVE 
   1  p0           1.77210e+01   6.81867e+01  -8.97284e-02   9.31445e-05
   2  p1           9.79793e-01   1.92274e-02  -1.43379e-04  -8.98044e-01
   3  p2           5.92904e-04   1.02130e-02  -1.38167e-05   8.71926e+00
   4  p3          -4.68895e+00   1.02658e+01  -1.49784e-03   9.82443e-04
   5  p4           1.08729e+01   2.34078e+01   2.60726e-03   1.50309e-03
   6  p5          -3.88193e+00   1.31493e+01  -9.96565e-04   1.89985e-03
Fit:0: RuntimeWarning: Abnormal termination of minimization.
s=4.0, mu=0.864, sig=0.342604695848, cons=-3.5, lin=5.0
 FCN=18.6471 FROM MIGRAD    STATUS=CALL LIMIT   1784 CALLS        1785 TOTAL
                     EDM=1.13478e-05    STRATEGY= 1      ERR MATRIX NOT POS-DEF
  EXT PARAMETER                APPROXIMATE        STEP         FIRST   
  NO.   NAME      VALUE            ERROR          SIZE      DERIVATIVE 
   1  p0           8.29043e+00   8.37136e+00  -2.50193e-02  -1.51247e-02
   2  p1           9.66642e-01   2.63787e-01  -1.59483e-02  -1.01952e-02
   3  p2           6.03674e-01   2.15216e+00  -6.40393e-03   2.26196e-03
   4  p3          -6.96309e+00   5.23253e+01   1.63359e-01  -1.61698e-02
   5  p4           2.08971e-01   1.11052e+02  -3.48583e-01  -1.20431e-02
   6  p5           1.29641e-01   6.76013e+01   2.12661e-01  -9.78427e-03
s=3.0, mu=1.0665, sig=0.055, cons=0.0, lin=0.0
 FCN=2.97306 FROM MIGRAD    STATUS=CONVERGED     455 CALLS         456 TOTAL
                     EDM=2.2482e-09    STRATEGY= 1  ERROR MATRIX UNCERTAINTY   2.4 per cent
  EXT PARAMETER                                   STEP         FIRST   
  NO.   NAME      VALUE            ERROR          SIZE      DERIVATIVE 
   1  p0           2.10559e+00   2.54680e+00   1.43956e-03   8.93897e-06
   2  p1           1.06318e+00   3.28713e-03   8.96369e-06  -7.66835e-04
   3  p2           2.69698e-03   4.64865e-03  -3.93122e-06   8.54777e-03
   4  p3          -3.72540e+00   1.47507e+01  -8.14642e-03  -2.70861e-05
   5  p4           1.06223e+01   3.28301e+01   1.61473e-02   8.57939e-06
   6  p5          -5.76106e+00   1.81235e+01  -7.87833e-03   4.08555e-05
Fit:0: RuntimeWarning: Fit data is empty 
s=0.0, mu=0.6975, sig=0.055, cons=0.0, lin=0.0
s=714.0, mu=0.954, sig=0.055, cons=-559.0, lin=840.0
 FCN=107.53 FROM MIGRAD    STATUS=CONVERGED     285 CALLS         286 TOTAL
                     EDM=4.70669e-10    STRATEGY= 1      ERROR MATRIX ACCURATE 
  EXT PARAMETER                                   STEP         FIRST   
  NO.   NAME      VALUE            ERROR          SIZE      DERIVATIVE 
   1  p0           4.73492e+02   8.45417e+00   2.59608e-02  -8.78576e-07
   2  p1           9.45668e-01   1.00394e-03   1.92135e-05   1.21335e-03
   3  p2           5.61100e-02   1.27145e-03   2.71317e-06  -3.35840e-02
   4  p3           5.19491e+00   1.50244e+02   6.73674e-03   2.88277e-06
   5  p4          -4.94069e+02   3.42182e+02   8.35953e-03   1.32299e-06
   6  p5           7.56107e+02   1.88459e+02   1.00018e-02   3.16781e-07
s=773.0, mu=0.9315, sig=0.055, cons=-534.0, lin=840.0
 FCN=65.4571 FROM MIGRAD    STATUS=CONVERGED     272 CALLS         273 TOTAL
                     EDM=1.64813e-07    STRATEGY= 1      ERROR MATRIX ACCURATE 
  EXT PARAMETER                                   STEP         FIRST   
  NO.   NAME      VALUE            ERROR          SIZE      DERIVATIVE 
   1  p0           5.09671e+02   1.16975e+01   2.06931e-02   5.80551e-05
   2  p1           9.25734e-01   9.29211e-04   1.45847e-05   8.24690e-03
   3  p2           5.84956e-02   1.46703e-03   2.09479e-06   1.43054e-02
   4  p3          -2.04847e+02   2.63541e+02   6.40281e-03   2.01844e-04
   5  p4           4.26212e+01   6.02568e+02   7.76130e-03   1.65388e-04
   6  p5           4.65200e+02   3.30716e+02   9.01924e-03   1.38713e-04
s=213.0, mu=0.909, sig=0.274351486294, cons=-138.0, lin=230.0
 FCN=75.0272 FROM HESSE     STATUS=NOT POSDEF     40 CALLS        1513 TOTAL
                     EDM=2.25953e-09    STRATEGY= 1      ERR MATRIX NOT POS-DEF
  EXT PARAMETER                APPROXIMATE        STEP         FIRST   
  NO.   NAME      VALUE            ERROR          SIZE      DERIVATIVE 
   1  p0           1.13163e+02   3.54664e+00   2.31942e-03   1.41503e-05
   2  p1           9.08127e-01   1.94259e-03   7.26928e-06  -2.51209e-03
   3  p2          -5.67490e-02   2.18230e-03   1.07928e-06   5.48880e-03
   4  p3          -3.59378e+02   7.09351e+00   8.10749e-04   1.36947e-06
   5  p4           7.39685e+02   1.43289e+01   9.57575e-04   4.38339e-06
   6  p5          -2.82729e+02   9.35721e+00   1.08205e-03   6.51944e-06
s=79.0, mu=0.9225, sig=0.451371311831, cons=-29.25, lin=47.5
 FCN=112.704 FROM HESSE     STATUS=NOT POSDEF     40 CALLS        1444 TOTAL
                     EDM=3.09759e-07    STRATEGY= 1      ERR MATRIX NOT POS-DEF
  EXT PARAMETER                APPROXIMATE        STEP         FIRST   
  NO.   NAME      VALUE            ERROR          SIZE      DERIVATIVE 
   1  p0           7.00431e+01   4.51356e+00   9.94573e-04   3.34214e-04
   2  p1           9.17632e-01   4.17086e-03   9.33782e-06  -4.04322e-02
   3  p2           1.07422e-01   7.21485e-03   1.48987e-06   4.05901e-02
   4  p3           5.68877e+02   4.89794e+00   5.71562e-04   4.39965e-04
   5  p4          -1.34085e+03   7.84703e+00   6.64769e-04   3.54402e-04
   6  p5           7.61961e+02   6.81973e+00   7.41619e-04   2.85322e-04
s=24.0, mu=0.9675, sig=0.382782793579, cons=-9.5, lin=15.0
 FCN=100.238 FROM MIGRAD    STATUS=CONVERGED     839 CALLS         840 TOTAL
                     EDM=1.8191e-07    STRATEGY= 1  ERROR MATRIX UNCERTAINTY   2.6 per cent
  EXT PARAMETER                                   STEP         FIRST   
  NO.   NAME      VALUE            ERROR          SIZE      DERIVATIVE 
   1  p0           1.11288e+01   6.78970e+00   1.27320e-04   4.22388e-05
   2  p1           9.48218e-01   4.29168e-02   5.57592e-06   1.93032e-03
   3  p2           1.17640e-01   5.21158e-02   1.56370e-05  -1.58681e-03
   4  p3          -7.07169e+00   3.97363e+00  -9.69447e-04  -5.68894e-04
   5  p4           1.30281e+01   1.06068e+00  -1.18343e-04   1.89291e-03
   6  p5          -2.06772e+00   1.04345e+01   9.36774e-04  -3.46722e-04
Fit:0: RuntimeWarning: Abnormal termination of minimization.
s=11.0, mu=0.954, sig=0.055, cons=-3.0, lin=10.0
 FCN=80.5074 FROM MIGRAD    STATUS=CALL LIMIT   1780 CALLS        1781 TOTAL
                     EDM=0.000182455    STRATEGY= 1      ERR MATRIX NOT POS-DEF
  EXT PARAMETER                APPROXIMATE        STEP         FIRST   
  NO.   NAME      VALUE            ERROR          SIZE      DERIVATIVE 
   1  p0           4.17112e+01   7.43747e+01   3.82347e-01   4.09742e-02
   2  p1           9.19114e-01   2.83275e-02  -4.13030e-04  -1.55099e+00
   3  p2          -2.36906e-01   1.48955e-01  -7.22366e-04  -4.78144e+00
   4  p3           1.97953e+02   1.79453e+02   7.13076e-01   5.71454e-02
   5  p4          -5.20883e+02   5.29754e+02  -2.41900e+00   3.86639e-02
   6  p5           2.87695e+02   2.86301e+02   1.33005e+00   2.48190e-02
s=6.0, mu=0.9765, sig=0.055, cons=-3.5, lin=5.0
 FCN=46.8058 FROM MIGRAD    STATUS=CONVERGED     829 CALLS         830 TOTAL
                     EDM=1.22415e-07    STRATEGY= 1      ERROR MATRIX ACCURATE 
  EXT PARAMETER                                   STEP         FIRST   
  NO.   NAME      VALUE            ERROR          SIZE      DERIVATIVE 
   1  p0           3.34831e+00   2.11221e+02   1.62317e-02   5.59277e-05
   2  p1           8.99427e-01   2.05040e-02   1.89933e-05  -5.38716e-02
   3  p2          -1.16419e-03   2.11725e-02   2.44920e-06  -2.84045e-01
   4  p3          -1.06240e+01   1.03860e+01   5.01604e-04   1.17310e-03
   5  p4           2.57051e+01   2.33742e+01   5.52157e-04   9.30516e-04
   6  p5          -1.32001e+01   1.29742e+01   5.89397e-04   7.48915e-04
Fit:0: RuntimeWarning: Abnormal termination of minimization.
s=1.0, mu=1.098, sig=0.963357118936, cons=-8.75, lin=12.5
 FCN=18.0041 FROM MIGRAD    STATUS=FAILED        425 CALLS         426 TOTAL
                     EDM=1.23655    STRATEGY= 1  ERROR MATRIX UNCERTAINTY  58.5 per cent
  EXT PARAMETER                APPROXIMATE        STEP         FIRST   
  NO.   NAME      VALUE            ERROR          SIZE      DERIVATIVE 
   1  p0           4.06078e+01   2.37590e+02   0.00000e+00  -9.89129e-03
   2  p1           1.09832e+00   2.49793e-01  -0.00000e+00   1.94545e+01
   3  p2           1.17129e-03   2.37577e+02   0.00000e+00  -1.64797e+03
   4  p3          -1.13695e+01   2.11128e+02   0.00000e+00  -5.68658e+00
   5  p4           2.73840e+01   5.82132e+00   0.00000e+00  -4.83337e+00
   6  p5          -1.46446e+01   1.99678e+02   0.00000e+00  -4.17921e+00
s=3.0, mu=0.9495, sig=0.055, cons=2.75, lin=-2.5
 FCN=3.02313 FROM HESSE     STATUS=NOT POSDEF     40 CALLS         321 TOTAL
                     EDM=5.39108e-06    STRATEGY= 1      ERR MATRIX NOT POS-DEF
  EXT PARAMETER                APPROXIMATE        STEP         FIRST   
  NO.   NAME      VALUE            ERROR          SIZE      DERIVATIVE 
   1  p0           5.07755e-01   1.53447e+00   5.94824e-05   2.27914e-04
   2  p1           1.05122e+00   3.70182e-01   1.41447e-04   4.48789e-04
   3  p2           1.08778e-01   3.00073e-01   1.60257e-05   4.59600e-03
   4  p3           2.73301e+00   1.73487e+00   3.61661e-05   1.44702e-04
   5  p4          -2.34349e+00   2.31262e+00   3.93308e-05  -4.08276e-04
   6  p5           2.89589e-01   2.51318e+00   4.18117e-05  -3.63014e-04
s=1.0, mu=0.801, sig=0.055, cons=0.0, lin=0.0
 FCN=8.50381e-09 FROM HESSE     STATUS=NOT POSDEF     50 CALLS         137 TOTAL
                     EDM=1.6268e-06    STRATEGY= 1      ERR MATRIX NOT POS-DEF
  EXT PARAMETER                APPROXIMATE        STEP         FIRST   
  NO.   NAME      VALUE            ERROR          SIZE      DERIVATIVE 
   1  p0           1.00019e+00   3.52833e+00   9.77380e-05   1.84312e-04
   2  p1           8.00828e-01   2.40096e-01   1.83719e-04  -2.01558e-05
   3  p2           5.74580e-02   1.48436e+05   1.45118e+01   1.75362e-08
   4  p3           1.86561e-04   3.51639e+00   9.76562e-05   1.84432e-04
   5  p4           2.33566e-04   4.40237e+00   1.22261e-04   1.47315e-04
   6  p5           2.92414e-04   5.51157e+00   1.53066e-04   1.17668e-04
s=396.0, mu=0.8775, sig=0.346623049726, cons=-372.75, lin=582.5
 FCN=61.4336 FROM HESSE     STATUS=NOT POSDEF     40 CALLS        1360 TOTAL
                     EDM=2.85596e-06    STRATEGY= 1      ERR MATRIX NOT POS-DEF
  EXT PARAMETER                APPROXIMATE        STEP         FIRST   
  NO.   NAME      VALUE            ERROR          SIZE      DERIVATIVE 
   1  p0           2.28540e+02   4.79177e+00   2.82833e-03   2.02643e-04
   2  p1           8.81761e-01   1.36164e-03   4.53532e-06  -7.60235e-02
   3  p2           5.91619e-02   1.62220e-03   6.65422e-07   1.81266e-01
   4  p3          -3.42040e+02   1.04049e+01   1.08704e-03  -1.10307e-04
   5  p4           5.70916e+02   2.07347e+01   1.27083e-03   2.62737e-05
   6  p5          -2.90909e+01   1.35135e+01   1.42148e-03  -5.57194e-05
s=704.0, mu=0.882, sig=0.055, cons=-430.0, lin=780.0
 FCN=83.3867 FROM HESSE     STATUS=NOT POSDEF     40 CALLS         340 TOTAL
                     EDM=7.62729e-08    STRATEGY= 1      ERR MATRIX NOT POS-DEF
  EXT PARAMETER                APPROXIMATE        STEP         FIRST   
  NO.   NAME      VALUE            ERROR          SIZE      DERIVATIVE 
   1  p0           4.69757e+02   6.56142e+00   4.19942e-03  -5.33875e-05
   2  p1           8.65839e-01   9.51629e-04   3.54013e-06   5.98132e-02
   3  p2           6.40888e-02   1.25674e-03   5.15105e-07  -2.38112e-01
   4  p3           2.57166e+02   1.58602e+01   1.78454e-03  -3.35747e-05
   5  p4          -8.93558e+02   2.84018e+01   2.03359e-03  -1.75255e-05
   6  p5           9.46333e+02   1.94217e+01   2.22108e-03  -3.66879e-06
Fit:0: RuntimeWarning: Abnormal termination of minimization.
s=179.0, mu=0.882, sig=0.278934229475, cons=-139.0, lin=240.0
 FCN=247.228 FROM MIGRAD    STATUS=CALL LIMIT   1784 CALLS        1785 TOTAL
                     EDM=0.000598284    STRATEGY= 1  ERROR MATRIX UNCERTAINTY  11.5 per cent
  EXT PARAMETER                APPROXIMATE        STEP         FIRST   
  NO.   NAME      VALUE            ERROR          SIZE      DERIVATIVE 
   1  p0           2.40718e+04   6.98221e+03   1.08005e+02  -3.55058e-02
   2  p1           9.61920e-01   2.68891e-01   1.91223e-02  -3.76675e-01
   3  p2           6.75914e+00   3.64900e+00   5.80666e-02  -7.89539e-02
   4  p3          -2.52900e+04   7.30549e+03  -1.12959e+02  -3.55166e-02
   5  p4           2.92111e+03   5.56584e+02   8.27637e+00  -3.06249e-02
   6  p5          -1.56657e+03   2.31233e+02  -3.26176e+00  -2.70227e-02
s=58.0, mu=0.891, sig=0.298475168915, cons=-37.0, lin=80.0
 FCN=104.394 FROM MIGRAD    STATUS=CONVERGED     980 CALLS         981 TOTAL
                     EDM=8.65155e-08    STRATEGY= 1  ERROR MATRIX UNCERTAINTY   2.0 per cent
  EXT PARAMETER                                   STEP         FIRST   
  NO.   NAME      VALUE            ERROR          SIZE      DERIVATIVE 
   1  p0          -5.16246e+01   1.18393e+01   8.78641e-03   2.19686e-04
   2  p1           7.00000e-01   1.96703e-03  -1.17758e-04** at limit **
   3  p2          -5.98705e-02   5.83701e-03   1.22119e-05   1.52578e-01
   4  p3           4.49825e+02   1.68672e+02  -1.05247e-01   5.35984e-04
   5  p4          -8.25060e+02   3.45231e+02   1.95909e-01   4.46013e-04
   6  p5           4.09978e+02   1.76156e+02  -9.11823e-02   3.76800e-04
Fit:0: RuntimeWarning: Abnormal termination of minimization.
s=19.0, mu=0.8145, sig=0.252609596578, cons=-12.5, lin=25.0
 FCN=80.9652 FROM MIGRAD    STATUS=FAILED        827 CALLS         828 TOTAL
                     EDM=4.34102e-05    STRATEGY= 1      ERR MATRIX NOT POS-DEF
  EXT PARAMETER                APPROXIMATE        STEP         FIRST   
  NO.   NAME      VALUE            ERROR          SIZE      DERIVATIVE 
   1  p0           7.83418e+01   3.29365e+00   2.04306e-03  -1.72153e-03
   2  p1           7.00180e-01   3.18945e-01   1.09415e-03  -1.94816e-03
   3  p2           2.23837e-01   1.71505e-02   8.27103e-06  -3.70171e-01
   4  p3          -1.41732e+02   3.44532e+00   1.47581e-03  -2.61992e-03
   5  p4           3.92324e+01   3.82035e+00   1.64779e-03   2.67786e-04
   6  p5           7.98408e+01   3.68963e+00   1.77875e-03  -1.13231e-03
s=10.0, mu=0.918, sig=0.055, cons=-4.0, lin=10.0
 FCN=83.0623 FROM MIGRAD    STATUS=CONVERGED     931 CALLS         932 TOTAL
                     EDM=8.55127e-07    STRATEGY= 1  ERROR MATRIX UNCERTAINTY   0.9 per cent
  EXT PARAMETER                                   STEP         FIRST   
  NO.   NAME      VALUE            ERROR          SIZE      DERIVATIVE 
   1  p0           2.30160e+01   3.94914e+01  -1.88087e-02  -1.52080e-05
   2  p1           7.05650e-01   1.60192e-02  -6.14870e-04   7.46576e-02
   3  p2           5.52193e-04   6.45879e-03  -1.15508e-05  -3.78157e+00
   4  p3           3.31722e+00   1.47826e+01  -3.57846e-03  -2.66214e-03
   5  p4          -4.47217e+00   3.35311e+01   1.13881e-02  -2.89417e-03
   6  p5           5.85938e+00   1.87784e+01  -8.40723e-03  -3.09505e-03
Fit:0: RuntimeWarning: Abnormal termination of minimization.
s=7.0, mu=0.855, sig=0.342170387962, cons=-5.25, lin=7.5
 FCN=43.5079 FROM MIGRAD    STATUS=CALL LIMIT   1790 CALLS        1791 TOTAL
                     EDM=0.000210169    STRATEGY= 1  ERROR MATRIX UNCERTAINTY  27.1 per cent
  EXT PARAMETER                APPROXIMATE        STEP         FIRST   
  NO.   NAME      VALUE            ERROR          SIZE      DERIVATIVE 
   1  p0           1.79571e+01   3.75811e+01  -5.38221e-02   2.09023e-02
   2  p1           8.70693e-01   2.40913e-02   2.71438e-04   3.53851e-01
   3  p2           2.24368e-01   1.35422e-01  -2.34076e-04   3.98062e-01
   4  p3           1.01960e+02   1.29944e+02  -2.05406e-01   2.42740e-02
   5  p4          -2.71369e+02   3.71419e+02   5.83851e-01   1.42871e-02
   6  p5           1.56167e+02   2.11567e+02  -3.27430e-01   6.79563e-03
s=4.0, mu=0.9225, sig=0.055, cons=0.25, lin=2.5
 FCN=16.0926 FROM HESSE     STATUS=FAILED         11 CALLS         670 TOTAL
                     EDM=3.03741e-08    STRATEGY= 1  ERROR MATRIX UNCERTAINTY 100.0 per cent
  EXT PARAMETER                APPROXIMATE        STEP         FIRST   
  NO.   NAME      VALUE            ERROR          SIZE      DERIVATIVE 
   1  p0          -1.16933e+05   1.69706e+00  -4.91775e-05   0.00000e+00
   2  p1           9.61986e-01   3.20073e-01  -2.21172e-08   0.00000e+00
   3  p2          -4.80194e-05   1.41421e+00   2.38443e-09   0.00000e+00
   4  p3          -2.26548e+00   1.55230e-01  -4.59525e-04   1.24377e-05
   5  p4           6.95120e+00   1.68262e-01   1.00508e-03  -1.90390e-04
   6  p5          -3.17243e+00   1.77168e-01  -5.48410e-04  -3.59354e-04
s=3.0, mu=0.99, sig=0.96626492958, cons=-1.75, lin=2.5
 FCN=4.91898 FROM HESSE     STATUS=NOT POSDEF     40 CALLS         674 TOTAL
                     EDM=4.13264e-07    STRATEGY= 1      ERR MATRIX NOT POS-DEF
  EXT PARAMETER                APPROXIMATE        STEP         FIRST   
  NO.   NAME      VALUE            ERROR          SIZE      DERIVATIVE 
   1  p0          -7.91770e+01   9.62257e+03   1.80626e-01   3.74656e-07
   2  p1           7.13393e-01   7.09402e-03   2.06590e-05   4.61434e-03
   3  p2           2.40044e-03   2.08120e-02   3.99777e-07  -1.66018e-01
   4  p3          -2.77708e+00   1.35737e+00   3.91474e-05   3.94484e-03
   5  p4           9.02594e+00   2.52982e+00   4.18421e-05   3.28899e-03
   6  p5          -5.08800e+00   1.56466e+00   4.33876e-05   2.74496e-03
Fit:0: RuntimeWarning: Fit data is empty 
s=0.0, mu=0.6975, sig=0.055, cons=0.0, lin=0.0
s=842.0, mu=0.9225, sig=0.055, cons=-588.75, lin=902.5
 FCN=112.158 FROM MIGRAD    STATUS=CONVERGED     287 CALLS         288 TOTAL
                     EDM=6.60578e-08    STRATEGY= 1      ERROR MATRIX ACCURATE 
  EXT PARAMETER                                   STEP         FIRST   
  NO.   NAME      VALUE            ERROR          SIZE      DERIVATIVE 
   1  p0           5.78215e+02   1.12852e+01   2.85702e-02  -9.99028e-06
   2  p1           9.14177e-01   7.35199e-04   1.61947e-05  -9.39924e-03
   3  p2           5.46644e-02   1.26009e-03   2.33823e-06  -1.93549e-01
   4  p3          -1.19351e+02   2.72386e+02   7.92785e-03  -7.34825e-05
   5  p4          -2.16776e+02   6.26234e+02   9.69093e-03  -6.10877e-05
   6  p5           6.33739e+02   3.46063e+02   1.13461e-02  -5.09695e-05
s=873.0, mu=0.9225, sig=0.055, cons=-522.0, lin=820.0
 FCN=77.9194 FROM MIGRAD    STATUS=CONVERGED     282 CALLS         283 TOTAL
                     EDM=4.70758e-08    STRATEGY= 1      ERROR MATRIX ACCURATE 
  EXT PARAMETER                                   STEP         FIRST   
  NO.   NAME      VALUE            ERROR          SIZE      DERIVATIVE 
   1  p0           5.70085e+02   1.06003e+01   2.38369e-02   1.12045e-05
   2  p1           9.29241e-01   8.03291e-04   1.42114e-05   5.23160e-03
   3  p2           5.56768e-02   1.23783e-03   2.05257e-06   1.35039e-01
   4  p3          -1.57502e+02   2.39401e+02   6.90746e-03   3.38124e-05
   5  p4          -3.18945e+01   5.45561e+02   8.37131e-03   4.42906e-05
   6  p5           4.79703e+02   2.99018e+02   9.73042e-03   5.30528e-05
s=219.0, mu=0.954, sig=0.055, cons=-163.0, lin=260.0
 FCN=86.3466 FROM MIGRAD    STATUS=CONVERGED     247 CALLS         248 TOTAL
                     EDM=1.6159e-08    STRATEGY= 1  ERROR MATRIX UNCERTAINTY   0.9 per cent
  EXT PARAMETER                                   STEP         FIRST   
  NO.   NAME      VALUE            ERROR          SIZE      DERIVATIVE 
   1  p0           1.21864e+02   7.86462e+00   1.91042e-02   6.49095e-06
   2  p1           9.37106e-01   2.43684e-03  -4.92003e-06  -5.50571e-04
   3  p2           6.53392e-02   4.41178e-03   8.97197e-06   3.46300e-02
   4  p3          -1.41751e+02   1.66102e+02   3.85368e-01   1.34882e-04
   5  p4           2.16586e+02   3.77293e+02  -8.74777e-01   1.10023e-04
   6  p5           8.18798e+00   2.04586e+02   4.69358e-01   9.17684e-05
s=64.0, mu=0.963, sig=0.055, cons=-50.5, lin=85.0
 FCN=115.396 FROM MIGRAD    STATUS=CONVERGED     299 CALLS         300 TOTAL
                     EDM=1.65834e-07    STRATEGY= 1  ERROR MATRIX UNCERTAINTY   3.7 per cent
  EXT PARAMETER                                   STEP         FIRST   
  NO.   NAME      VALUE            ERROR          SIZE      DERIVATIVE 
   1  p0           2.28294e+01   3.25356e+00  -2.37105e-03  -2.73508e-04
   2  p1           9.28564e-01   5.77734e-03  -2.31706e-05   1.28071e-02
   3  p2           5.59025e-02   9.42474e-03  -3.09621e-06  -1.28600e-01
   4  p3          -1.38577e+02   7.64662e+01  -9.30567e-02  -9.69988e-04
   5  p4           2.88294e+02   1.74470e+02   2.04482e-01  -7.82494e-04
   6  p5          -1.17748e+02   9.56177e+01  -1.07582e-01  -6.41311e-04
s=23.0, mu=0.9405, sig=0.055, cons=-19.75, lin=32.5
 FCN=85.8189 FROM MIGRAD    STATUS=CONVERGED     238 CALLS         239 TOTAL
                     EDM=3.05225e-09    STRATEGY= 1  ERROR MATRIX UNCERTAINTY   2.6 per cent
  EXT PARAMETER                                   STEP         FIRST   
  NO.   NAME      VALUE            ERROR          SIZE      DERIVATIVE 
   1  p0           8.01918e+00   9.95516e-01   3.01065e-04  -9.51777e-05
   2  p1           9.02422e-01   9.69623e-03   6.27072e-05   3.18949e-04
   3  p2           7.05026e-02   1.30175e-02  -1.16153e-05  -5.48336e-03
   4  p3          -1.75912e+01   1.33997e+00   1.27275e-03  -9.08376e-05
   5  p4           3.15509e+01   4.03004e-01   3.36573e-04  -3.09373e-04
   6  p5          -5.17723e+00   1.78100e+00  -9.05312e-04  -9.12036e-05
s=10.0, mu=0.9225, sig=0.055, cons=-8.5, lin=15.0
 FCN=66.2985 FROM MIGRAD    STATUS=CONVERGED     355 CALLS         356 TOTAL
                     EDM=7.31183e-08    STRATEGY= 1      ERROR MATRIX ACCURATE 
  EXT PARAMETER                                   STEP         FIRST   
  NO.   NAME      VALUE            ERROR          SIZE      DERIVATIVE 
   1  p0           4.17717e+00   1.61596e+00   5.57494e-03   2.59669e-04
   2  p1           9.25237e-01   4.38060e-03   8.62190e-05  -3.41382e-03
   3  p2           9.57614e-03   3.15185e-03   1.05790e-05   5.43663e-02
   4  p3          -2.54314e+01   1.41371e+01   7.77346e-04   1.55263e-04
   5  p4           5.76536e+01   3.23715e+01   8.95159e-04   1.70939e-04
   6  p5          -2.78670e+01   1.82083e+01   9.93096e-04   1.83116e-04
s=7.0, mu=0.8145, sig=0.33540086354, cons=-3.5, lin=5.0
 FCN=44.2914 FROM HESSE     STATUS=NOT POSDEF     40 CALLS        1290 TOTAL
                     EDM=7.21646e-06    STRATEGY= 1      ERR MATRIX NOT POS-DEF
  EXT PARAMETER                APPROXIMATE        STEP         FIRST   
  NO.   NAME      VALUE            ERROR          SIZE      DERIVATIVE 
   1  p0           3.75240e+01   2.05679e+00   1.06185e-04  -2.76828e-03
   2  p1           9.19077e-01   2.90428e-01   2.83714e-04   3.60282e-03
   3  p2          -1.56175e+00   1.37400e+00   5.45730e-04  -7.20238e-04
   4  p3          -4.87060e+01   2.05278e+00   1.05861e-04  -2.78893e-03
   5  p4           2.78951e+01   2.27455e+00   1.17319e-04  -2.77754e-03
   6  p5          -1.44116e+01   2.40197e+00   1.25714e-04  -3.02501e-03
s=5.0, mu=0.9855, sig=0.512292895418, cons=-1.75, lin=2.5
 FCN=19.139 FROM HESSE     STATUS=NOT POSDEF     50 CALLS         535 TOTAL
                     EDM=7.29352e-08    STRATEGY= 1      ERR MATRIX NOT POS-DEF
  EXT PARAMETER                APPROXIMATE        STEP         FIRST   
  NO.   NAME      VALUE            ERROR          SIZE      DERIVATIVE 
   1  p0           1.17617e+00   2.11367e+00   1.03534e-04  -4.09760e-04
   2  p1           1.10000e+00   2.32458e-01   3.51105e-01** at limit **
   3  p2          -1.87263e-01   2.50332e-01   2.31390e-05  -5.72133e-04
   4  p3          -1.41945e-01   1.27598e+00   7.28390e-05  -4.51245e-04
   5  p4           2.70570e+00   1.48575e+00   7.78221e-05  -2.52579e-04
   6  p5          -1.96947e+00   1.82279e+00   8.12049e-05  -4.29063e-04
Fit:0: RuntimeWarning: Abnormal termination of minimization.
s=4.0, mu=0.9405, sig=0.543170964898, cons=-1.75, lin=2.5
 FCN=6.99004 FROM MIGRAD    STATUS=FAILED        929 CALLS         930 TOTAL
                     EDM=0.000321907    STRATEGY= 1      ERR MATRIX NOT POS-DEF
  EXT PARAMETER                APPROXIMATE        STEP         FIRST   
  NO.   NAME      VALUE            ERROR          SIZE      DERIVATIVE 
   1  p0           3.52456e+00   1.72468e+08   8.31802e+05   1.47132e-10
   2  p1           1.09952e+00   2.04613e-01   2.20847e-02   8.24269e-08
   3  p2           5.74164e-04   2.57585e-02   4.35700e-05   3.90339e-05
   4  p3           1.04569e+00   6.31916e-04   2.61224e-04   1.00065e-05
   5  p4           3.53016e-01   6.79210e-04   2.80774e-04   1.46211e-05
   6  p5          -2.18776e-01   7.08419e-04   2.92849e-04   1.99418e-05
Fit:0: RuntimeWarning: Fit data is empty 
Fit:0: RuntimeWarning: Abnormal termination of minimization.
s=0.0, mu=0.6975, sig=0.055, cons=0.0, lin=0.0
s=1001.0, mu=0.8955, sig=0.279977598722, cons=-785.0, lin=1210.0
 FCN=3678.56 FROM MIGRAD    STATUS=CALL LIMIT   1789 CALLS        1790 TOTAL
                     EDM=0.873924    STRATEGY= 1  ERROR MATRIX UNCERTAINTY  17.4 per cent
  EXT PARAMETER                APPROXIMATE        STEP         FIRST   
  NO.   NAME      VALUE            ERROR          SIZE      DERIVATIVE 
   1  p0          -6.12987e+03   3.53503e+02  -2.36270e+02   5.39532e-01
   2  p1           7.83121e-01   1.13215e-02   3.57321e-02  -1.27958e+02
   3  p2          -5.72863e-01   2.61513e-02   1.73789e-02   5.16372e+02
   4  p3          -9.62404e+03   4.64574e+02  -3.11558e+02   5.72031e-01
   5  p4           3.71197e+04   1.94504e+03   1.30523e+03   5.40165e-01
   6  p5          -2.11584e+04   1.14812e+03  -7.73094e+02   5.22116e-01
s=838.0, mu=0.9135, sig=0.055, cons=-462.75, lin=742.5
 FCN=92.3515 FROM MIGRAD    STATUS=CONVERGED     261 CALLS         262 TOTAL
                     EDM=6.56267e-07    STRATEGY= 1      ERROR MATRIX ACCURATE 
  EXT PARAMETER                                   STEP         FIRST   
  NO.   NAME      VALUE            ERROR          SIZE      DERIVATIVE 
   1  p0           5.86643e+02   1.02663e+01   2.60948e-02   1.81692e-05
   2  p1           9.16978e-01   6.81745e-04   1.39812e-05  -4.86378e-02
   3  p2           5.25604e-02   1.08582e-03   2.00481e-06   8.83737e-02
   4  p3          -5.15085e+01   2.45019e+02   7.13463e-03   1.69279e-04
   5  p4          -2.30082e+02   5.61796e+02   8.62012e-03   1.92234e-04
   6  p5           5.34803e+02   3.10201e+02   9.96819e-03   2.14452e-04
s=220.0, mu=0.927, sig=0.327035192367, cons=-141.0, lin=220.0
 FCN=93.1041 FROM MIGRAD    STATUS=CONVERGED    1052 CALLS        1053 TOTAL
                     EDM=2.39395e-08    STRATEGY= 1      ERROR MATRIX ACCURATE 
  EXT PARAMETER                                   STEP         FIRST   
  NO.   NAME      VALUE            ERROR          SIZE      DERIVATIVE 
   1  p0           1.32543e+02   5.61938e+00   1.28043e-02  -1.56101e-05
   2  p1           9.26791e-01   1.70999e-03   3.32767e-05   1.18719e-02
   3  p2           5.59301e-02   2.68701e-03   4.83093e-06  -7.07637e-02
   4  p3          -4.24917e+01   1.31888e+02   3.96164e-03  -1.40199e-04
   5  p4           9.20845e+00   3.01013e+02   4.75434e-03  -9.86617e-05
   6  p5           1.08742e+02   1.65249e+02   5.46983e-03  -6.72383e-05
s=62.0, mu=0.9135, sig=0.055, cons=-59.25, lin=87.5
 FCN=147.286 FROM HESSE     STATUS=NOT POSDEF     40 CALLS         379 TOTAL
                     EDM=5.76739e-07    STRATEGY= 1      ERR MATRIX NOT POS-DEF
  EXT PARAMETER                APPROXIMATE        STEP         FIRST   
  NO.   NAME      VALUE            ERROR          SIZE      DERIVATIVE 
   1  p0           3.74703e+01   1.82315e+00   1.46224e-03   3.59217e-04
   2  p1           9.18133e-01   3.61729e-03   1.60817e-05  -4.16655e-02
   3  p2           6.88092e-02   4.12509e-03   2.24610e-06   4.27135e-01
   4  p3           8.92273e+01   3.40039e+00   5.15642e-04   2.11921e-03
   5  p4          -2.44289e+02   6.56700e+00   6.27763e-04   1.59824e-03
   6  p5           1.75009e+02   4.80560e+00   7.32919e-04   1.19932e-03
s=23.0, mu=0.936, sig=0.283152549338, cons=-16.5, lin=25.0
 FCN=93.8855 FROM HESSE     STATUS=NOT POSDEF     40 CALLS        1150 TOTAL
                     EDM=2.85078e-08    STRATEGY= 1      ERR MATRIX NOT POS-DEF
  EXT PARAMETER                APPROXIMATE        STEP         FIRST   
  NO.   NAME      VALUE            ERROR          SIZE      DERIVATIVE 
   1  p0          -4.95853e+01   1.98370e+00   7.56502e-04  -9.50639e-05
   2  p1           1.10000e+00   1.49592e-02   3.71634e-04** at limit **
   3  p2           8.38457e-02   2.78256e-03   1.62629e-06   4.18829e-02
   4  p3           2.06803e+02   2.58373e+00   2.54488e-04  -4.75979e-05
   5  p4          -5.78264e+02   4.17026e+00   3.03048e-04  -9.89263e-05
   6  p5           4.08228e+02   3.97484e+00   3.45897e-04  -1.33689e-04
s=11.0, mu=0.918, sig=0.055, cons=-8.75, lin=12.5
 FCN=62.0827 FROM MIGRAD    STATUS=CONVERGED     231 CALLS         232 TOTAL
                     EDM=7.44256e-07    STRATEGY= 1  ERROR MATRIX UNCERTAINTY   2.3 per cent
  EXT PARAMETER                                   STEP         FIRST   
  NO.   NAME      VALUE            ERROR          SIZE      DERIVATIVE 
   1  p0           2.62422e+00   8.45878e-01   2.85634e-03   3.69698e-04
   2  p1           9.36838e-01   2.61533e-02   3.81604e-04  -3.21143e-03
   3  p2           7.09585e-02   2.85901e-02   5.67853e-05  -1.61598e-03
   4  p3          -6.03348e+00   1.21380e+00   3.46316e-03  -2.91315e-03
   5  p4           1.26063e+01   3.13200e-01  -7.51036e-04   5.99829e-03
   6  p5          -3.23790e+00   1.87804e+00  -5.66429e-03  -2.40154e-03
s=8.0, mu=0.954, sig=0.055, cons=-5.25, lin=7.5
 FCN=39.2148 FROM MIGRAD    STATUS=CONVERGED    1355 CALLS        1356 TOTAL
                     EDM=4.95115e-08    STRATEGY= 1  ERROR MATRIX UNCERTAINTY   3.3 per cent
  EXT PARAMETER                                   STEP         FIRST   
  NO.   NAME      VALUE            ERROR          SIZE      DERIVATIVE 
   1  p0           2.47277e+07   3.53838e+00   2.65670e-11  -2.32338e-12
   2  p1           1.09680e+00   1.03433e-02   1.55146e-04   5.83334e-02
   3  p2          -1.75387e-04   1.76651e-03  -9.48530e-07   9.88080e+00
   4  p3          -1.55205e+01   1.14203e+01  -3.73290e-03  -1.90725e-04
   5  p4           3.48706e+01   2.58536e+01   7.30749e-03  -5.39241e-06
   6  p5          -1.67786e+01   1.44379e+01  -3.48784e-03   1.28886e-04
s=4.0, mu=0.8595, sig=0.566287567146, cons=-5.25, lin=7.5
 FCN=12.2743 FROM MIGRAD    STATUS=CONVERGED     735 CALLS         736 TOTAL
                     EDM=4.28961e-07    STRATEGY= 1  ERROR MATRIX UNCERTAINTY   3.9 per cent
  EXT PARAMETER                                   STEP         FIRST   
  NO.   NAME      VALUE            ERROR          SIZE      DERIVATIVE 
   1  p0           1.01599e+01   8.97679e+00  -5.20607e-03  -8.88257e-04
   2  p1           7.00004e-01   3.87797e-01  -1.09389e-03  -1.82328e-03
   3  p2           2.23659e-01   3.77034e-02  -4.36614e-05  -1.26244e-01
   4  p3          -1.92413e+01   1.52099e+01   8.05913e-03  -4.57070e-03
   5  p4           7.10490e+00   1.06824e+00  -2.03490e-04   5.34924e-04
   6  p5           9.17231e+00   1.09881e+01  -4.53400e-03  -5.52907e-03
Traceback (most recent call last):
  File "run.py", line 204, in <module>
    draw(hists, fits, pros, bgs, ls, "total")
  File "run.py", line 53, in draw
    sig = math.sqrt(abs(-1/2*(mu-0.5)*1/math.log(val/s)))
ZeroDivisionError: float division by zero
