 FCN=3.32705e-12 FROM HESSE     STATUS=NOT POSDEF     40 CALLS         148 TOTAL
                     EDM=6.64722e-12    STRATEGY= 1      ERR MATRIX NOT POS-DEF
  EXT PARAMETER                APPROXIMATE        STEP         FIRST   
  NO.   NAME      VALUE            ERROR          SIZE      DERIVATIVE 
   1  p0           3.91688e+02   9.19551e+02   7.63907e-03  -4.66315e-08
   2  p1           1.00500e+00   7.77576e-02   6.47686e-07   5.50089e-04
   3  p2           9.80394e-02   2.64197e-02   2.19335e-07  -1.62441e-03
   4  p3          -1.33560e+00   1.17392e+01   9.76562e-05  -3.64804e-06
   5  p4          -1.86666e+00   1.64070e+01   1.36487e-04  -2.61017e-06
   6  p5          -2.60889e+00   2.29308e+01   1.90757e-04  -1.86758e-06
 FCN=58.8819 FROM MIGRAD    STATUS=CONVERGED     278 CALLS         279 TOTAL
                     EDM=7.18378e-07    STRATEGY= 1  ERROR MATRIX UNCERTAINTY   5.7 per cent
  EXT PARAMETER                                   STEP         FIRST   
  NO.   NAME      VALUE            ERROR          SIZE      DERIVATIVE 
   1  p0           1.19728e+03   1.46927e+01  -2.68832e-02  -1.49332e-06
   2  p1           9.14428e-01   7.87760e-04  -1.55952e-06  -2.42672e-01
   3  p2           5.73070e-02   8.54259e-04  -6.28907e-07   4.67771e-02
   4  p3          -5.25744e+02   1.33856e+01  -2.69034e-02  -1.89292e-04
   5  p4           1.00612e+02   3.91077e+00  -7.93960e-05   3.31455e-04
   6  p5           1.12413e+03   2.28279e+01   5.40403e-02  -1.00948e-04
 FCN=48.8196 FROM MIGRAD    STATUS=CONVERGED     364 CALLS         365 TOTAL
                     EDM=5.55658e-07    STRATEGY= 1      ERROR MATRIX ACCURATE 
  EXT PARAMETER                                   STEP         FIRST   
  NO.   NAME      VALUE            ERROR          SIZE      DERIVATIVE 
   1  p0           1.22461e+03   3.04890e+01   3.98722e-02   4.58422e-06
   2  p1           9.13490e-01   7.84913e-04   2.26404e-06  -1.50113e-01
   3  p2           5.69907e-02   1.45730e-03   1.64806e-06  -1.72313e-01
   4  p3          -1.32603e+03   7.55500e+02   1.28397e-02   1.36898e-05
   5  p4           2.22514e+03   1.73845e+03   1.53318e-02   1.83403e-05
   6  p5          -1.67542e+02   9.60716e+02   1.75087e-02   2.34555e-05
 FCN=38.6811 FROM HESSE     STATUS=NOT POSDEF     40 CALLS         494 TOTAL
                     EDM=7.94902e-07    STRATEGY= 1      ERR MATRIX NOT POS-DEF
  EXT PARAMETER                APPROXIMATE        STEP         FIRST   
  NO.   NAME      VALUE            ERROR          SIZE      DERIVATIVE 
   1  p0           2.30997e+02   7.41614e+00   3.30812e-03  -6.10708e-05
   2  p1           9.13081e-01   2.24215e-03   1.14731e-06   5.18381e-01
   3  p2           6.34729e-02   2.59615e-03   8.47056e-07  -4.49197e-01
   4  p3          -6.45797e+02   1.58171e+01   1.30438e-03  -2.65332e-04
   5  p4           1.31991e+03   3.12389e+01   1.53028e-03  -2.31911e-04
   6  p5          -4.49697e+02   2.09568e+01   1.71971e-03  -2.06503e-04
 FCN=42.8937 FROM HESSE     STATUS=NOT POSDEF     40 CALLS        1538 TOTAL
                     EDM=4.43829e-08    STRATEGY= 1      ERR MATRIX NOT POS-DEF
  EXT PARAMETER                APPROXIMATE        STEP         FIRST   
  NO.   NAME      VALUE            ERROR          SIZE      DERIVATIVE 
   1  p0          -4.80595e+02   2.05112e+01   2.31197e-03   4.54548e-05
   2  p1           1.15621e+00   8.88595e-03   6.72458e-07   1.56975e-01
   3  p2           1.29553e-01   4.81606e-03   5.43023e-07  -1.12485e-01
   4  p3           1.22503e+03   1.13741e+01   7.79936e-04   6.84882e-05
   5  p4          -3.61933e+03   1.59196e+01   9.03097e-04   6.61998e-05
   6  p5           2.71852e+03   1.75358e+01   1.00386e-03   6.60847e-05
 FCN=59.5336 FROM HESSE     STATUS=NOT POSDEF     40 CALLS        1030 TOTAL
                     EDM=1.89572e-08    STRATEGY= 1      ERR MATRIX NOT POS-DEF
  EXT PARAMETER                APPROXIMATE        STEP         FIRST   
  NO.   NAME      VALUE            ERROR          SIZE      DERIVATIVE 
   1  p0           6.84031e+02   5.34703e+03   2.94092e-01   2.90438e-07
   2  p1           1.10329e+00   8.76549e-03   1.04273e-07  -1.73876e-01
   3  p2          -3.40357e-03   2.86712e-03   1.81130e-07  -5.32203e-01
   4  p3          -2.44642e+02   5.38487e+00   5.45795e-04   2.38547e-05
   5  p4           5.59625e+02   1.08003e+01   6.24901e-04   1.37526e-05
   6  p5          -2.84535e+02   6.90992e+00   6.89521e-04   1.79725e-06
 FCN=57.6479 FROM MIGRAD    STATUS=CONVERGED    1279 CALLS        1280 TOTAL
                     EDM=7.03822e-07    STRATEGY= 1      ERROR MATRIX ACCURATE 
  EXT PARAMETER                                   STEP         FIRST   
  NO.   NAME      VALUE            ERROR          SIZE      DERIVATIVE 
   1  p0          -9.19308e+00   4.82651e+00   4.14198e-03  -4.07517e-04
   2  p1           1.04671e+00   8.56142e-03   2.32385e-05   2.60063e-02
   3  p2           3.05650e-02   2.18637e-02   2.36120e-05   3.04560e-02
   4  p3          -9.10936e+01   6.16730e+01   1.46276e-03  -7.96811e-04
   5  p4           1.92076e+02   1.54320e+02   1.70987e-03  -5.92735e-04
   6  p5          -8.63756e+01   9.58938e+01   1.91058e-03  -4.73136e-04
 FCN=53.9114 FROM MIGRAD    STATUS=CONVERGED     883 CALLS         884 TOTAL
                     EDM=1.35269e-07    STRATEGY= 1  ERROR MATRIX UNCERTAINTY   2.9 per cent
  EXT PARAMETER                                   STEP         FIRST   
  NO.   NAME      VALUE            ERROR          SIZE      DERIVATIVE 
   1  p0           6.19645e+00   2.31812e+00  -4.99843e-03  -8.82295e-05
   2  p1           1.06736e+00   8.27148e-03  -1.76208e-05  -4.39250e-02
   3  p2           2.21288e-02   6.01946e-03  -2.15137e-05   8.14731e-02
   4  p3          -5.98464e+01   2.66201e+01   1.00708e-01  -1.10414e-03
   5  p4           1.40823e+02   6.32260e+01  -2.39899e-01  -7.85257e-04
   6  p5          -7.72161e+01   3.71034e+01   1.40138e-01  -5.46812e-04
 FCN=30.068 FROM MIGRAD    STATUS=CONVERGED     858 CALLS         859 TOTAL
                     EDM=4.6008e-09    STRATEGY= 1      ERROR MATRIX ACCURATE 
  EXT PARAMETER                                   STEP         FIRST   
  NO.   NAME      VALUE            ERROR          SIZE      DERIVATIVE 
   1  p0           1.39579e+00   1.93469e+00   2.33913e-03  -1.05160e-05
   2  p1           1.08183e+00   8.03842e-02   8.76858e-05   6.19724e-04
   3  p2           3.23634e-02   4.03895e-02   4.81201e-05  -7.76110e-04
   4  p3          -6.33810e+00   2.42275e+01   6.04354e-04   1.74889e-04
   5  p4           1.40150e+01   5.68028e+01   6.76559e-04   1.65289e-04
   6  p5          -5.44700e+00   3.30581e+01   7.37426e-04   1.57226e-04
 FCN=8.87355 FROM HESSE     STATUS=OK             40 CALLS         913 TOTAL
                     EDM=4.83668e-07    STRATEGY= 1      ERROR MATRIX ACCURATE 
  EXT PARAMETER                                   STEP         FIRST   
  NO.   NAME      VALUE            ERROR          SIZE      DERIVATIVE 
   1  p0          -5.39567e+01   4.31396e+03   2.99466e-02  -6.38484e-07
   2  p1           1.08949e+00   5.72847e-02   5.19508e-08   7.87924e-02
   3  p2          -1.32646e-03   1.00553e-02   7.96241e-08  -2.37723e-01
   4  p3          -1.33706e+00   1.83929e+01   6.77735e-05  -2.93350e-03
   5  p4           4.60591e+00   4.19562e+01   7.40743e-05  -2.69413e-03
   6  p5          -1.79314e+00   2.36428e+01   7.87018e-05  -2.53795e-03
Info in <TCanvas::Print>: pdf file hists/out10h.pdf has been created
 FCN=3.32127e-12 FROM HESSE     STATUS=NOT POSDEF     40 CALLS         158 TOTAL
                     EDM=6.63568e-12    STRATEGY= 1      ERR MATRIX NOT POS-DEF
  EXT PARAMETER                APPROXIMATE        STEP         FIRST   
  NO.   NAME      VALUE            ERROR          SIZE      DERIVATIVE 
   1  p0           3.91688e+02   9.19543e+02   7.63900e-03  -4.65913e-08
   2  p1           1.00500e+00   7.77570e-02   6.47681e-07   5.49615e-04
   3  p2           9.80394e-02   2.64195e-02   2.19334e-07  -1.62301e-03
   4  p3          -1.33561e+00   1.17392e+01   9.76562e-05  -3.64487e-06
   5  p4          -1.86668e+00   1.64070e+01   1.36487e-04  -2.60791e-06
   6  p5          -2.60892e+00   2.29308e+01   1.90757e-04  -1.86596e-06
 FCN=58.8819 FROM MIGRAD    STATUS=CONVERGED     278 CALLS         279 TOTAL
                     EDM=7.18378e-07    STRATEGY= 1  ERROR MATRIX UNCERTAINTY   5.7 per cent
  EXT PARAMETER                                   STEP         FIRST   
  NO.   NAME      VALUE            ERROR          SIZE      DERIVATIVE 
   1  p0           1.19728e+03   1.46927e+01  -2.68832e-02  -1.49332e-06
   2  p1           9.14428e-01   7.87760e-04  -1.55952e-06  -2.42672e-01
   3  p2           5.73070e-02   8.54259e-04  -6.28907e-07   4.67770e-02
   4  p3          -5.25744e+02   1.33856e+01  -2.69034e-02  -1.89292e-04
   5  p4           1.00612e+02   3.91077e+00  -7.93960e-05   3.31455e-04
   6  p5           1.12413e+03   2.28279e+01   5.40403e-02  -1.00948e-04
 FCN=48.8196 FROM MIGRAD    STATUS=CONVERGED     364 CALLS         365 TOTAL
                     EDM=5.54165e-07    STRATEGY= 1      ERROR MATRIX ACCURATE 
  EXT PARAMETER                                   STEP         FIRST   
  NO.   NAME      VALUE            ERROR          SIZE      DERIVATIVE 
   1  p0           1.22461e+03   3.04504e+01   3.98722e-02   4.58509e-06
   2  p1           9.13490e-01   7.84843e-04   2.26404e-06  -1.50115e-01
   3  p2           5.69907e-02   1.45566e-03   1.64806e-06  -1.72199e-01
   4  p3          -1.32603e+03   7.54234e+02   1.28397e-02   1.37058e-05
   5  p4           2.22514e+03   1.73554e+03   1.53318e-02   1.83534e-05
   6  p5          -1.67542e+02   9.59107e+02   1.75087e-02   2.34666e-05
 FCN=38.6811 FROM HESSE     STATUS=NOT POSDEF     40 CALLS         494 TOTAL
                     EDM=7.94777e-07    STRATEGY= 1      ERR MATRIX NOT POS-DEF
  EXT PARAMETER                APPROXIMATE        STEP         FIRST   
  NO.   NAME      VALUE            ERROR          SIZE      DERIVATIVE 
   1  p0           2.30997e+02   7.41614e+00   3.30812e-03  -6.10544e-05
   2  p1           9.13081e-01   2.24215e-03   1.14731e-06   5.18359e-01
   3  p2           6.34729e-02   2.59615e-03   8.47056e-07  -4.49090e-01
   4  p3          -6.45797e+02   1.58171e+01   1.30438e-03  -2.65270e-04
   5  p4           1.31991e+03   3.12389e+01   1.53028e-03  -2.31857e-04
   6  p5          -4.49697e+02   2.09569e+01   1.71971e-03  -2.06455e-04
Fit:0: RuntimeWarning: Abnormal termination of minimization.
 FCN=45.1362 FROM MIGRAD    STATUS=FAILED        974 CALLS         975 TOTAL
                     EDM=0.0322001    STRATEGY= 1      ERR MATRIX NOT POS-DEF
  EXT PARAMETER                APPROXIMATE        STEP         FIRST   
  NO.   NAME      VALUE            ERROR          SIZE      DERIVATIVE 
   1  p0          -1.44700e+02   1.08409e+01   1.02375e-02  -4.84224e-02
   2  p1           1.09470e+00   1.14680e-02   9.13057e-06  -6.93640e+01
   3  p2           8.66913e-02   8.07424e-03   7.52154e-06   6.83125e+01
   4  p3          -2.51123e+01   1.09500e+01   3.99805e-03  -5.88125e-02
   5  p4          -2.51827e+02   1.65597e+01   4.62939e-03  -6.97793e-02
   6  p5           4.48354e+02   1.64043e+01   5.14592e-03  -8.03957e-02
 FCN=62.2341 FROM MIGRAD    STATUS=CONVERGED     490 CALLS         491 TOTAL
                     EDM=1.70528e-08    STRATEGY= 1      ERROR MATRIX ACCURATE 
  EXT PARAMETER                                   STEP         FIRST   
  NO.   NAME      VALUE            ERROR          SIZE      DERIVATIVE 
   1  p0          -5.57900e+01   1.41421e+00   2.24916e+01  -1.44554e-09
   2  p1           1.26892e+00   1.41114e+00   5.75324e-03  -1.79660e-05
   3  p2          -2.80193e-02   1.27640e+00   2.27562e-03  -1.12255e-04
   4  p3          -2.22760e+02   1.07509e+00   2.78918e-03  -6.92217e-05
   5  p4           5.07460e+02   1.18954e+00   3.19344e-03  -1.06242e-04
   6  p5          -2.53852e+02   1.19469e+00   3.52367e-03  -1.33240e-04
Info in <TCanvas::Print>: pdf file hists/out6s.pdf has been created
 FCN=36.3016 FROM MIGRAD    STATUS=CONVERGED     423 CALLS         424 TOTAL
                     EDM=1.13174e-07    STRATEGY= 1      ERROR MATRIX ACCURATE 
  EXT PARAMETER                                   STEP         FIRST   
  NO.   NAME      VALUE            ERROR          SIZE      DERIVATIVE 
   1  p0           2.70357e+03   4.67534e+01   5.20645e-02  -6.36287e-06
   2  p1           9.13705e-01   5.47968e-04   1.35674e-06  -1.35669e-02
   3  p2           5.74432e-02   1.01175e-03   9.89534e-07  -1.19535e+00
   4  p3          -3.21565e+03   1.14285e+03   1.70522e-02  -4.41565e-05
   5  p4           5.26025e+03   2.62948e+03   2.03968e-02  -3.68494e-05
   6  p5          -2.50904e+02   1.45249e+03   2.33449e-02  -3.11955e-05
Info in <TCanvas::Print>: pdf file hists/out1h.pdf has been created
 FCN=519.07 FROM MIGRAD    STATUS=CONVERGED     444 CALLS         445 TOTAL
                     EDM=1.50612e-07    STRATEGY= 1      ERROR MATRIX ACCURATE 
  EXT PARAMETER                                   STEP         FIRST   
  NO.   NAME      VALUE            ERROR          SIZE      DERIVATIVE 
   1  p0           2.40544e+02   3.91721e+00   1.72947e-02   1.56407e-05
   2  p1           9.13530e-01   5.40702e-04   5.04272e-06   6.86315e-01
   3  p2           5.72271e-02   9.70821e-04   3.67596e-06  -8.18591e-01
   4  p3          -2.87406e+02   9.37549e+01   5.54944e-03  -6.96369e-04
   5  p4           4.67534e+02   2.15944e+02   6.65974e-03  -5.55183e-04
   6  p5          -2.11914e+01   1.19366e+02   7.64003e-03  -4.53617e-04
Info in <TCanvas::Print>: pdf file hists/out_proton.pdf has been created
