+-------------------------------------------------------------------------
| COATJAVA LIBRARY DIRECTORY =  /group/clas12/packages/coatjava/6.5.3/bin/..//lib/clas/
+-------------------------------------------------------------------------
 
 
*****************************************
*    Running COAT-JAVA Groovy Scripts   *
*    Version : 3a  Release : 2016       *
*****************************************
 
 
[SystemFonts] ---> set size = 25, available 2
reader:: *****>>>>> openning file : /cache/clas12/rg-a/production/recon/fall2018/torus-1/pass1/v0/dst/train/skim4/skim4_005038.hipo
reader:: ***** dictionary entries :          135
reader:: ************ file size   :  20899891076
reader:: **** scan trailer #bytes :       119928
reader:: ***** number of  records :         3747
reader:: ***** number of  events  :      8934140
[DataSourceDump] --> opened file with events # 
Skipped 1988 events from /cache/clas12/rg-a/production/recon/fall2018/torus-1/pass1/v0/dst/train/skim4/skim4_005038.hipo
 FCN=2.2755e-10 FROM HESSE     STATUS=NOT POSDEF     40 CALLS         167 TOTAL
                     EDM=4.54642e-10    STRATEGY= 1      ERR MATRIX NOT POS-DEF
  EXT PARAMETER                APPROXIMATE        STEP         FIRST   
  NO.   NAME      VALUE            ERROR          SIZE      DERIVATIVE 
   1  p0          -4.48887e+02   3.31030e+03   2.78370e-02   1.06320e-07
   2  p1           9.68432e-01   1.65970e-01   1.56098e-06   2.11267e-03
   3  p2           7.59245e-02   4.99551e-02   4.53342e-07  -7.10070e-03
   4  p3           6.72896e+01   1.17188e+01   9.76562e-05   3.01695e-05
   5  p4          -4.48611e+01   1.64302e+01   1.36917e-04   2.15184e-05
   6  p5          -6.42988e+01   2.30357e+01   1.91963e-04   1.53480e-05
Info in <TCanvas::Print>: pdf file hists/out10_total.pdf has been created
 FCN=114.788 FROM MIGRAD    STATUS=CONVERGED     395 CALLS         396 TOTAL
                     EDM=1.76573e-08    STRATEGY= 1      ERROR MATRIX ACCURATE 
  EXT PARAMETER                                   STEP         FIRST   
  NO.   NAME      VALUE            ERROR          SIZE      DERIVATIVE 
   1  p0           6.03841e+02   1.35259e+01   2.93162e-02   2.68282e-06
   2  p1           9.14267e-01   7.87497e-04   3.36816e-06  -9.06548e-02
   3  p2           5.75959e-02   1.39835e-03   2.42351e-06   1.83337e-01
   4  p3          -1.22374e+02   3.21423e+02   8.79631e-03   3.55709e-05
   5  p4          -2.74858e+02   7.39510e+02   1.07137e-02   2.52772e-05
   6  p5           7.42526e+02   4.08231e+02   1.24952e-02   1.75426e-05
Info in <TCanvas::Print>: pdf file hists/out10_total.pdf has been created
 FCN=81.1014 FROM MIGRAD    STATUS=CONVERGED     380 CALLS         381 TOTAL
                     EDM=1.79663e-07    STRATEGY= 1      ERROR MATRIX ACCURATE 
  EXT PARAMETER                                   STEP         FIRST   
  NO.   NAME      VALUE            ERROR          SIZE      DERIVATIVE 
   1  p0           6.15010e+02   1.52542e+01   2.55621e-02  -5.55107e-05
   2  p1           9.13430e-01   7.81509e-04   2.89128e-06  -1.12986e-01
   3  p2           5.70613e-02   1.45432e-03   2.10413e-06  -6.58643e-01
   4  p3          -6.01971e+02   3.77720e+02   8.23263e-03  -1.74827e-04
   5  p4           9.70905e+02   8.69202e+02   9.83188e-03  -1.57272e-04
   6  p5          -4.98947e+00   4.80340e+02   1.12295e-02  -1.44984e-04
Info in <TCanvas::Print>: pdf file hists/out10_total.pdf has been created
 FCN=106.324 FROM HESSE     STATUS=NOT POSDEF     40 CALLS         498 TOTAL
                     EDM=1.24637e-07    STRATEGY= 1      ERR MATRIX NOT POS-DEF
  EXT PARAMETER                APPROXIMATE        STEP         FIRST   
  NO.   NAME      VALUE            ERROR          SIZE      DERIVATIVE 
   1  p0           1.10142e+02   3.69670e+00   2.75475e-03   5.22122e-05
   2  p1           9.12526e-01   2.28577e-03   1.96281e-06  -2.17890e-01
   3  p2           6.19403e-02   2.59345e-03   1.44845e-06   6.92267e-02
   4  p3          -4.62876e+02   7.81536e+00   1.05991e-03  -2.65530e-05
   5  p4           9.74812e+02   1.55449e+01   1.24711e-03  -2.90291e-05
   6  p5          -3.96121e+02   1.03621e+01   1.40494e-03  -3.51114e-05
Info in <TCanvas::Print>: pdf file hists/out10_total.pdf has been created
 FCN=78.6235 FROM MIGRAD    STATUS=CONVERGED     465 CALLS         466 TOTAL
                     EDM=3.26999e-07    STRATEGY= 1  ERROR MATRIX UNCERTAINTY   3.3 per cent
  EXT PARAMETER                                   STEP         FIRST   
  NO.   NAME      VALUE            ERROR          SIZE      DERIVATIVE 
   1  p0           1.86833e+01   3.39456e+00   2.69594e-03  -4.25565e-04
   2  p1           9.05865e-01   6.01519e-03   3.56630e-06  -5.81530e-02
   3  p2           4.76608e-02   8.30879e-03   1.00061e-05   5.22046e-02
   4  p3          -2.43472e+02   8.39742e+01   4.27984e-02  -3.39270e-04
   5  p4           5.44324e+02   1.93406e+02  -1.01879e-01  -3.50734e-04
   6  p5          -2.60245e+02   1.07692e+02   5.73694e-02  -3.55309e-04
Info in <TCanvas::Print>: pdf file hists/out10_total.pdf has been created
 FCN=99.6078 FROM MIGRAD    STATUS=CONVERGED     693 CALLS         694 TOTAL
                     EDM=2.83027e-07    STRATEGY= 1  ERROR MATRIX UNCERTAINTY   1.3 per cent
  EXT PARAMETER                                   STEP         FIRST   
  NO.   NAME      VALUE            ERROR          SIZE      DERIVATIVE 
   1  p0           7.56268e+01   5.11777e+00   6.31665e-03   6.12769e-06
   2  p1           9.40284e-01   2.94713e-04  -2.02031e-06   1.20965e+00
   3  p2          -9.50791e-04   1.31714e-04   7.13427e-07  -3.31847e+00
   4  p3          -1.08828e+02   2.39857e+01   4.21080e-02   6.42125e-04
   5  p4           2.48273e+02   5.46533e+01  -7.81699e-02   3.08740e-04
   6  p5          -1.24717e+02   3.06250e+01   3.65268e-02   4.10729e-05
Info in <TCanvas::Print>: pdf file hists/out10_total.pdf has been created
Fit:0: RuntimeWarning: Abnormal termination of minimization.
 FCN=134.105 FROM MIGRAD    STATUS=FAILED        743 CALLS         744 TOTAL
                     EDM=367591    STRATEGY= 1      ERR MATRIX NOT POS-DEF
  EXT PARAMETER                APPROXIMATE        STEP         FIRST   
  NO.   NAME      VALUE            ERROR          SIZE      DERIVATIVE 
   1  p0           9.67745e+01   4.46419e+02  -0.00000e+00   2.04999e-03
   2  p1           9.40134e-01   1.00000e+00   0.00000e+00  -1.79959e+03
   3  p2           7.03260e-04   1.00000e+00  -0.00000e+00   9.38814e+02
   4  p3          -6.43289e+01   1.52086e+00  -0.00000e+00   1.15126e-01
   5  p4           1.50635e+02   1.59353e+00  -0.00000e+00   1.08117e-01
   6  p5          -8.20944e+01   1.56788e+00  -0.00000e+00   1.01483e-01
Info in <TCanvas::Print>: pdf file hists/out10_total.pdf has been created
 FCN=59.7897 FROM MIGRAD    STATUS=CONVERGED     211 CALLS         212 TOTAL
                     EDM=3.23104e-09    STRATEGY= 1  ERROR MATRIX UNCERTAINTY   0.5 per cent
  EXT PARAMETER                                   STEP         FIRST   
  NO.   NAME      VALUE            ERROR          SIZE      DERIVATIVE 
   1  p0          -5.17165e+04   6.44923e+02   3.12156e+00   2.57548e-09
   2  p1           1.37177e+00   4.39037e-03   1.25795e-04   1.98827e-02
   3  p2           4.39319e-02   1.18354e-03   3.38263e-05  -1.25802e-01
   4  p3          -6.76282e+00   1.11822e+01  -8.20463e-01  -5.43826e-04
   5  p4           1.61286e+01   2.52372e+01   1.86118e+00  -5.12984e-04
   6  p5          -6.68982e+00   1.40592e+01  -1.03586e+00  -4.91519e-04
Info in <TCanvas::Print>: pdf file hists/out10_total.pdf has been created
 FCN=24.1244 FROM MIGRAD    STATUS=CONVERGED     241 CALLS         242 TOTAL
                     EDM=5.81935e-07    STRATEGY= 1  ERROR MATRIX UNCERTAINTY   2.8 per cent
  EXT PARAMETER                                   STEP         FIRST   
  NO.   NAME      VALUE            ERROR          SIZE      DERIVATIVE 
   1  p0          -4.22307e+05   5.94857e+03   4.84344e+00  -4.33917e-08
   2  p1           1.71410e+00   7.28195e-02   8.07767e-05  -8.52614e-01
   3  p2           1.11197e-01   1.72755e-02   1.91650e-05   4.37682e+00
   4  p3          -5.06959e+00   1.16313e+01  -1.47987e-02  -1.47325e-03
   5  p4           1.23745e+01   2.54504e+01   2.94029e-02  -1.72419e-03
   6  p5          -5.63276e+00   1.37815e+01  -1.44490e-02  -9.76052e-04
Info in <TCanvas::Print>: pdf file hists/out10_total.pdf has been created
 FCN=5.22755 FROM HESSE     STATUS=NOT POSDEF     40 CALLS         521 TOTAL
                     EDM=1.28699e-06    STRATEGY= 1      ERR MATRIX NOT POS-DEF
  EXT PARAMETER                APPROXIMATE        STEP         FIRST   
  NO.   NAME      VALUE            ERROR          SIZE      DERIVATIVE 
   1  p0          -1.36715e+07   9.36780e+05   3.25954e+00   6.33658e-09
   2  p1          -3.01398e+01   8.23656e-02   7.18589e-06  -7.21508e-02
   3  p2           6.08895e+00   1.62373e-02   1.45172e-06  -3.66293e-01
   4  p3           5.56223e+01   2.24602e+00   4.63319e-05   2.98315e-03
   5  p4          -2.53088e+01   2.19555e+00   4.91291e-05   3.02686e-03
   6  p5          -4.85024e-01   1.61745e+00   5.08165e-05   2.06597e-03
Info in <TCanvas::Print>: pdf file hists/out10_total.pdf has been created
 FCN=83.5865 FROM MIGRAD    STATUS=CONVERGED     420 CALLS         421 TOTAL
                     EDM=2.16138e-09    STRATEGY= 1      ERROR MATRIX ACCURATE 
  EXT PARAMETER                                   STEP         FIRST   
  NO.   NAME      VALUE            ERROR          SIZE      DERIVATIVE 
   1  p0           2.43883e+02   6.94051e+00   1.73821e-02  -4.65654e-07
   2  p1           9.26660e-01   1.24347e-03   4.67074e-06  -2.10496e-02
   3  p2           5.33341e-02   1.81128e-03   3.43313e-06   3.07809e-02
   4  p3          -3.77926e+02   1.52719e+02   5.01191e-03   1.97414e-05
   5  p4           6.51363e+02   3.49252e+02   6.08243e-03   1.20991e-05
   6  p5          -1.13774e+02   1.92365e+02   7.07651e-03   5.99379e-06
Info in <TCanvas::Print>: pdf file hists/out6_total.pdf has been created
 FCN=94.0313 FROM MIGRAD    STATUS=CONVERGED     447 CALLS         448 TOTAL
                     EDM=1.69445e-08    STRATEGY= 1      ERROR MATRIX ACCURATE 
  EXT PARAMETER                                   STEP         FIRST   
  NO.   NAME      VALUE            ERROR          SIZE      DERIVATIVE 
   1  p0           2.37432e+02   8.40418e+00   1.60698e-02  -8.86477e-07
   2  p1           9.31176e-01   1.46181e-03   5.02149e-06   5.39494e-03
   3  p2           6.13845e-02   2.35243e-03   3.63001e-06  -1.28058e-01
   4  p3           2.11108e+02   1.83280e+02   5.14310e-03  -9.28198e-05
   5  p4          -6.66098e+02   4.17034e+02   6.22700e-03  -6.90278e-05
   6  p5           5.80442e+02   2.27399e+02   7.23815e-03  -5.08503e-05
Info in <TCanvas::Print>: pdf file hists/out6_total.pdf has been created
 FCN=61.4928 FROM MIGRAD    STATUS=CONVERGED     367 CALLS         368 TOTAL
                     EDM=3.56606e-08    STRATEGY= 1  ERROR MATRIX UNCERTAINTY   1.7 per cent
  EXT PARAMETER                                   STEP         FIRST   
  NO.   NAME      VALUE            ERROR          SIZE      DERIVATIVE 
   1  p0           1.95754e+02   1.93994e+01   1.57335e-03   5.64328e-05
   2  p1           8.70816e-01   1.67849e-03   7.34818e-07   6.82625e-02
   3  p2           6.73649e-02   4.86428e-03   2.86317e-08   6.02663e-02
   4  p3           7.01084e+02   4.03212e+02  -7.01737e-03  -1.41747e-05
   5  p4          -1.76367e+03   9.62728e+02   7.27144e-03  -2.75048e-05
   6  p5           1.17443e+03   5.47070e+02   9.90306e-04  -4.05752e-05
Info in <TCanvas::Print>: pdf file hists/out6_total.pdf has been created
 FCN=75.945 FROM MIGRAD    STATUS=CONVERGED     285 CALLS         286 TOTAL
                     EDM=1.28328e-07    STRATEGY= 1  ERROR MATRIX UNCERTAINTY   2.6 per cent
  EXT PARAMETER                                   STEP         FIRST   
  NO.   NAME      VALUE            ERROR          SIZE      DERIVATIVE 
   1  p0           2.49131e+02   4.84223e+00  -2.06271e-03  -3.89976e-06
   2  p1           9.20480e-01   1.18898e-03  -5.61803e-07  -1.38851e-01
   3  p2           5.59311e-02   1.30573e-03   3.53623e-07   1.18714e-01
   4  p3          -8.27935e+01   4.58223e+00   2.29956e-03  -1.63130e-04
   5  p4          -2.16502e+01   1.27478e+00   2.68507e-06   4.74892e-04
   6  p5           2.48116e+02   7.45518e+00  -2.36515e-03  -1.03968e-04
Info in <TCanvas::Print>: pdf file hists/out6_total.pdf has been created
 FCN=83.5814 FROM MIGRAD    STATUS=CONVERGED     327 CALLS         328 TOTAL
                     EDM=4.27743e-07    STRATEGY= 1  ERROR MATRIX UNCERTAINTY   0.2 per cent
  EXT PARAMETER                                   STEP         FIRST   
  NO.   NAME      VALUE            ERROR          SIZE      DERIVATIVE 
   1  p0           2.98106e+02   9.22100e+00   5.40041e-01   3.83216e-05
   2  p1           9.07880e-01   1.01306e-03  -8.17389e-06  -5.73183e-02
   3  p2           5.56215e-02   1.82905e-03   1.03568e-04   6.34325e-01
   4  p3          -6.77296e+01   2.27325e+02   1.58513e+01   6.25588e-04
   5  p4          -5.27068e+01   5.24627e+02  -3.65879e+01   5.17445e-04
   6  p5           2.65095e+02   2.90905e+02   2.02830e+01   4.36603e-04
Info in <TCanvas::Print>: pdf file hists/out6_total.pdf has been created
 FCN=89.847 FROM MIGRAD    STATUS=CONVERGED     404 CALLS         405 TOTAL
                     EDM=1.27486e-06    STRATEGY= 1      ERROR MATRIX ACCURATE 
  EXT PARAMETER                                   STEP         FIRST   
  NO.   NAME      VALUE            ERROR          SIZE      DERIVATIVE 
   1  p0           2.61464e+02   8.70154e+00   1.79573e-02   2.20305e-05
   2  p1           9.09237e-01   1.12176e-03   4.52596e-06  -3.57361e-02
   3  p2           5.41407e-02   1.95063e-03   3.27022e-06  -9.59782e-01
   4  p3          -3.42828e+02   2.15047e+02   5.44529e-03  -3.77191e-04
   5  p4           5.94607e+02   4.95713e+02   6.53436e-03  -2.68450e-04
   6  p5          -9.65297e+01   2.74807e+02   7.49618e-03  -1.80480e-04
Info in <TCanvas::Print>: pdf file hists/out6_total.pdf has been created
 FCN=83.9957 FROM MIGRAD    STATUS=CONVERGED     474 CALLS         475 TOTAL
                     EDM=1.13884e-08    STRATEGY= 1      ERROR MATRIX ACCURATE 
  EXT PARAMETER                                   STEP         FIRST   
  NO.   NAME      VALUE            ERROR          SIZE      DERIVATIVE 
   1  p0           1.35437e+03   2.33293e+01   3.93064e-02  -5.48351e-06
   2  p1           9.13624e-01   5.46144e-04   2.04264e-06   1.00517e-01
   3  p2           5.74067e-02   1.00990e-03   1.49015e-06  -3.87425e-01
   4  p3          -1.56420e+03   5.70479e+02   1.28584e-02  -2.02325e-05
   5  p4           2.52668e+03   1.31266e+03   1.53830e-02  -1.74726e-05
   6  p5          -6.67469e+01   7.25140e+02   1.76090e-02  -1.51578e-05
Info in <TCanvas::Print>: pdf file hists/out1_total.pdf has been created
 FCN=2.2755e-10 FROM HESSE     STATUS=NOT POSDEF     40 CALLS         167 TOTAL
                     EDM=4.54642e-10    STRATEGY= 1      ERR MATRIX NOT POS-DEF
  EXT PARAMETER                APPROXIMATE        STEP         FIRST   
  NO.   NAME      VALUE            ERROR          SIZE      DERIVATIVE 
   1  p0          -4.48887e+02   3.31030e+03   2.78370e-02   1.06320e-07
   2  p1           9.68432e-01   1.65970e-01   1.56098e-06   2.11267e-03
   3  p2           7.59245e-02   4.99551e-02   4.53342e-07  -7.10070e-03
   4  p3           6.72896e+01   1.17188e+01   9.76562e-05   3.01695e-05
   5  p4          -4.48611e+01   1.64302e+01   1.36917e-04   2.15184e-05
   6  p5          -6.42988e+01   2.30357e+01   1.91963e-04   1.53480e-05
Info in <TCanvas::Print>: pdf file hists/out10_proton.pdf has been created
 FCN=114.788 FROM MIGRAD    STATUS=CONVERGED     395 CALLS         396 TOTAL
                     EDM=1.76573e-08    STRATEGY= 1      ERROR MATRIX ACCURATE 
  EXT PARAMETER                                   STEP         FIRST   
  NO.   NAME      VALUE            ERROR          SIZE      DERIVATIVE 
   1  p0           6.03841e+02   1.35259e+01   2.93162e-02   2.68282e-06
   2  p1           9.14267e-01   7.87497e-04   3.36816e-06  -9.06548e-02
   3  p2           5.75959e-02   1.39835e-03   2.42351e-06   1.83337e-01
   4  p3          -1.22374e+02   3.21423e+02   8.79631e-03   3.55709e-05
   5  p4          -2.74858e+02   7.39510e+02   1.07137e-02   2.52772e-05
   6  p5           7.42526e+02   4.08231e+02   1.24952e-02   1.75426e-05
Info in <TCanvas::Print>: pdf file hists/out10_proton.pdf has been created
 FCN=81.1014 FROM MIGRAD    STATUS=CONVERGED     380 CALLS         381 TOTAL
                     EDM=1.79663e-07    STRATEGY= 1      ERROR MATRIX ACCURATE 
  EXT PARAMETER                                   STEP         FIRST   
  NO.   NAME      VALUE            ERROR          SIZE      DERIVATIVE 
   1  p0           6.15010e+02   1.52542e+01   2.55621e-02  -5.55107e-05
   2  p1           9.13430e-01   7.81509e-04   2.89128e-06  -1.12986e-01
   3  p2           5.70613e-02   1.45432e-03   2.10413e-06  -6.58643e-01
   4  p3          -6.01971e+02   3.77720e+02   8.23263e-03  -1.74827e-04
   5  p4           9.70905e+02   8.69202e+02   9.83188e-03  -1.57272e-04
   6  p5          -4.98947e+00   4.80340e+02   1.12295e-02  -1.44984e-04
Info in <TCanvas::Print>: pdf file hists/out10_proton.pdf has been created
 FCN=106.324 FROM HESSE     STATUS=NOT POSDEF     40 CALLS         498 TOTAL
                     EDM=1.24637e-07    STRATEGY= 1      ERR MATRIX NOT POS-DEF
  EXT PARAMETER                APPROXIMATE        STEP         FIRST   
  NO.   NAME      VALUE            ERROR          SIZE      DERIVATIVE 
   1  p0           1.10142e+02   3.69670e+00   2.75475e-03   5.22122e-05
   2  p1           9.12526e-01   2.28577e-03   1.96281e-06  -2.17890e-01
   3  p2           6.19403e-02   2.59345e-03   1.44845e-06   6.92267e-02
   4  p3          -4.62876e+02   7.81536e+00   1.05991e-03  -2.65530e-05
   5  p4           9.74812e+02   1.55449e+01   1.24711e-03  -2.90291e-05
   6  p5          -3.96121e+02   1.03621e+01   1.40494e-03  -3.51114e-05
Info in <TCanvas::Print>: pdf file hists/out10_proton.pdf has been created
 FCN=78.6235 FROM MIGRAD    STATUS=CONVERGED     465 CALLS         466 TOTAL
                     EDM=3.26999e-07    STRATEGY= 1  ERROR MATRIX UNCERTAINTY   3.3 per cent
  EXT PARAMETER                                   STEP         FIRST   
  NO.   NAME      VALUE            ERROR          SIZE      DERIVATIVE 
   1  p0           1.86833e+01   3.39456e+00   2.69594e-03  -4.25565e-04
   2  p1           9.05865e-01   6.01519e-03   3.56630e-06  -5.81530e-02
   3  p2           4.76608e-02   8.30879e-03   1.00061e-05   5.22046e-02
   4  p3          -2.43472e+02   8.39742e+01   4.27984e-02  -3.39270e-04
   5  p4           5.44324e+02   1.93406e+02  -1.01879e-01  -3.50734e-04
   6  p5          -2.60245e+02   1.07692e+02   5.73694e-02  -3.55309e-04
Info in <TCanvas::Print>: pdf file hists/out10_proton.pdf has been created
 FCN=99.6078 FROM MIGRAD    STATUS=CONVERGED     693 CALLS         694 TOTAL
                     EDM=2.83027e-07    STRATEGY= 1  ERROR MATRIX UNCERTAINTY   1.3 per cent
  EXT PARAMETER                                   STEP         FIRST   
  NO.   NAME      VALUE            ERROR          SIZE      DERIVATIVE 
   1  p0           7.56268e+01   5.11777e+00   6.31665e-03   6.12769e-06
   2  p1           9.40284e-01   2.94713e-04  -2.02031e-06   1.20965e+00
   3  p2          -9.50791e-04   1.31714e-04   7.13427e-07  -3.31847e+00
   4  p3          -1.08828e+02   2.39857e+01   4.21080e-02   6.42125e-04
   5  p4           2.48273e+02   5.46533e+01  -7.81699e-02   3.08740e-04
   6  p5          -1.24717e+02   3.06250e+01   3.65268e-02   4.10729e-05
Info in <TCanvas::Print>: pdf file hists/out10_proton.pdf has been created
Fit:0: RuntimeWarning: Abnormal termination of minimization.
 FCN=134.105 FROM MIGRAD    STATUS=FAILED        743 CALLS         744 TOTAL
                     EDM=367591    STRATEGY= 1      ERR MATRIX NOT POS-DEF
  EXT PARAMETER                APPROXIMATE        STEP         FIRST   
  NO.   NAME      VALUE            ERROR          SIZE      DERIVATIVE 
   1  p0           9.67745e+01   4.46419e+02  -0.00000e+00   2.04999e-03
   2  p1           9.40134e-01   1.00000e+00   0.00000e+00  -1.79959e+03
   3  p2           7.03260e-04   1.00000e+00  -0.00000e+00   9.38814e+02
   4  p3          -6.43289e+01   1.52086e+00  -0.00000e+00   1.15126e-01
   5  p4           1.50635e+02   1.59353e+00  -0.00000e+00   1.08117e-01
   6  p5          -8.20944e+01   1.56788e+00  -0.00000e+00   1.01483e-01
Info in <TCanvas::Print>: pdf file hists/out10_proton.pdf has been created
 FCN=59.7897 FROM MIGRAD    STATUS=CONVERGED     211 CALLS         212 TOTAL
                     EDM=3.23104e-09    STRATEGY= 1  ERROR MATRIX UNCERTAINTY   0.5 per cent
  EXT PARAMETER                                   STEP         FIRST   
  NO.   NAME      VALUE            ERROR          SIZE      DERIVATIVE 
   1  p0          -5.17165e+04   6.44923e+02   3.12156e+00   2.57548e-09
   2  p1           1.37177e+00   4.39037e-03   1.25795e-04   1.98827e-02
   3  p2           4.39319e-02   1.18354e-03   3.38263e-05  -1.25802e-01
   4  p3          -6.76282e+00   1.11822e+01  -8.20463e-01  -5.43826e-04
   5  p4           1.61286e+01   2.52372e+01   1.86118e+00  -5.12984e-04
   6  p5          -6.68982e+00   1.40592e+01  -1.03586e+00  -4.91519e-04
Info in <TCanvas::Print>: pdf file hists/out10_proton.pdf has been created
 FCN=24.1244 FROM MIGRAD    STATUS=CONVERGED     241 CALLS         242 TOTAL
                     EDM=5.81935e-07    STRATEGY= 1  ERROR MATRIX UNCERTAINTY   2.8 per cent
  EXT PARAMETER                                   STEP         FIRST   
  NO.   NAME      VALUE            ERROR          SIZE      DERIVATIVE 
   1  p0          -4.22307e+05   5.94857e+03   4.84344e+00  -4.33917e-08
   2  p1           1.71410e+00   7.28195e-02   8.07767e-05  -8.52614e-01
   3  p2           1.11197e-01   1.72755e-02   1.91650e-05   4.37682e+00
   4  p3          -5.06959e+00   1.16313e+01  -1.47987e-02  -1.47325e-03
   5  p4           1.23745e+01   2.54504e+01   2.94029e-02  -1.72419e-03
   6  p5          -5.63276e+00   1.37815e+01  -1.44490e-02  -9.76052e-04
Info in <TCanvas::Print>: pdf file hists/out10_proton.pdf has been created
 FCN=5.22755 FROM HESSE     STATUS=NOT POSDEF     40 CALLS         521 TOTAL
                     EDM=1.28699e-06    STRATEGY= 1      ERR MATRIX NOT POS-DEF
  EXT PARAMETER                APPROXIMATE        STEP         FIRST   
  NO.   NAME      VALUE            ERROR          SIZE      DERIVATIVE 
   1  p0          -1.36715e+07   9.36780e+05   3.25954e+00   6.33658e-09
   2  p1          -3.01398e+01   8.23656e-02   7.18589e-06  -7.21508e-02
   3  p2           6.08895e+00   1.62373e-02   1.45172e-06  -3.66293e-01
   4  p3           5.56223e+01   2.24602e+00   4.63319e-05   2.98315e-03
   5  p4          -2.53088e+01   2.19555e+00   4.91291e-05   3.02686e-03
   6  p5          -4.85024e-01   1.61745e+00   5.08165e-05   2.06597e-03
Info in <TCanvas::Print>: pdf file hists/out10_proton.pdf has been created
 FCN=83.5865 FROM MIGRAD    STATUS=CONVERGED     420 CALLS         421 TOTAL
                     EDM=2.16138e-09    STRATEGY= 1      ERROR MATRIX ACCURATE 
  EXT PARAMETER                                   STEP         FIRST   
  NO.   NAME      VALUE            ERROR          SIZE      DERIVATIVE 
   1  p0           2.43883e+02   6.94051e+00   1.73821e-02  -4.65654e-07
   2  p1           9.26660e-01   1.24347e-03   4.67074e-06  -2.10496e-02
   3  p2           5.33341e-02   1.81128e-03   3.43313e-06   3.07809e-02
   4  p3          -3.77926e+02   1.52719e+02   5.01191e-03   1.97414e-05
   5  p4           6.51363e+02   3.49252e+02   6.08243e-03   1.20991e-05
   6  p5          -1.13774e+02   1.92365e+02   7.07651e-03   5.99379e-06
Info in <TCanvas::Print>: pdf file hists/out6_proton.pdf has been created
 FCN=94.0313 FROM MIGRAD    STATUS=CONVERGED     447 CALLS         448 TOTAL
                     EDM=1.69445e-08    STRATEGY= 1      ERROR MATRIX ACCURATE 
  EXT PARAMETER                                   STEP         FIRST   
  NO.   NAME      VALUE            ERROR          SIZE      DERIVATIVE 
   1  p0           2.37432e+02   8.40418e+00   1.60698e-02  -8.86477e-07
   2  p1           9.31176e-01   1.46181e-03   5.02149e-06   5.39494e-03
   3  p2           6.13845e-02   2.35243e-03   3.63001e-06  -1.28058e-01
   4  p3           2.11108e+02   1.83280e+02   5.14310e-03  -9.28198e-05
   5  p4          -6.66098e+02   4.17034e+02   6.22700e-03  -6.90278e-05
   6  p5           5.80442e+02   2.27399e+02   7.23815e-03  -5.08503e-05
Info in <TCanvas::Print>: pdf file hists/out6_proton.pdf has been created
 FCN=61.4928 FROM MIGRAD    STATUS=CONVERGED     367 CALLS         368 TOTAL
                     EDM=3.56606e-08    STRATEGY= 1  ERROR MATRIX UNCERTAINTY   1.7 per cent
  EXT PARAMETER                                   STEP         FIRST   
  NO.   NAME      VALUE            ERROR          SIZE      DERIVATIVE 
   1  p0           1.95754e+02   1.93994e+01   1.57335e-03   5.64328e-05
   2  p1           8.70816e-01   1.67849e-03   7.34818e-07   6.82625e-02
   3  p2           6.73649e-02   4.86428e-03   2.86317e-08   6.02663e-02
   4  p3           7.01084e+02   4.03212e+02  -7.01737e-03  -1.41747e-05
   5  p4          -1.76367e+03   9.62728e+02   7.27144e-03  -2.75048e-05
   6  p5           1.17443e+03   5.47070e+02   9.90306e-04  -4.05752e-05
Info in <TCanvas::Print>: pdf file hists/out6_proton.pdf has been created
 FCN=75.945 FROM MIGRAD    STATUS=CONVERGED     285 CALLS         286 TOTAL
                     EDM=1.28328e-07    STRATEGY= 1  ERROR MATRIX UNCERTAINTY   2.6 per cent
  EXT PARAMETER                                   STEP         FIRST   
  NO.   NAME      VALUE            ERROR          SIZE      DERIVATIVE 
   1  p0           2.49131e+02   4.84223e+00  -2.06271e-03  -3.89976e-06
   2  p1           9.20480e-01   1.18898e-03  -5.61803e-07  -1.38851e-01
   3  p2           5.59311e-02   1.30573e-03   3.53623e-07   1.18714e-01
   4  p3          -8.27935e+01   4.58223e+00   2.29956e-03  -1.63130e-04
   5  p4          -2.16502e+01   1.27478e+00   2.68507e-06   4.74892e-04
   6  p5           2.48116e+02   7.45518e+00  -2.36515e-03  -1.03968e-04
Info in <TCanvas::Print>: pdf file hists/out6_proton.pdf has been created
 FCN=83.5814 FROM MIGRAD    STATUS=CONVERGED     327 CALLS         328 TOTAL
                     EDM=4.27743e-07    STRATEGY= 1  ERROR MATRIX UNCERTAINTY   0.2 per cent
  EXT PARAMETER                                   STEP         FIRST   
  NO.   NAME      VALUE            ERROR          SIZE      DERIVATIVE 
   1  p0           2.98106e+02   9.22100e+00   5.40041e-01   3.83216e-05
   2  p1           9.07880e-01   1.01306e-03  -8.17389e-06  -5.73183e-02
   3  p2           5.56215e-02   1.82905e-03   1.03568e-04   6.34325e-01
   4  p3          -6.77296e+01   2.27325e+02   1.58513e+01   6.25588e-04
   5  p4          -5.27068e+01   5.24627e+02  -3.65879e+01   5.17445e-04
   6  p5           2.65095e+02   2.90905e+02   2.02830e+01   4.36603e-04
Info in <TCanvas::Print>: pdf file hists/out6_proton.pdf has been created
 FCN=89.847 FROM MIGRAD    STATUS=CONVERGED     404 CALLS         405 TOTAL
                     EDM=1.27486e-06    STRATEGY= 1      ERROR MATRIX ACCURATE 
  EXT PARAMETER                                   STEP         FIRST   
  NO.   NAME      VALUE            ERROR          SIZE      DERIVATIVE 
   1  p0           2.61464e+02   8.70154e+00   1.79573e-02   2.20305e-05
   2  p1           9.09237e-01   1.12176e-03   4.52596e-06  -3.57361e-02
   3  p2           5.41407e-02   1.95063e-03   3.27022e-06  -9.59782e-01
   4  p3          -3.42828e+02   2.15047e+02   5.44529e-03  -3.77191e-04
   5  p4           5.94607e+02   4.95713e+02   6.53436e-03  -2.68450e-04
   6  p5          -9.65297e+01   2.74807e+02   7.49618e-03  -1.80480e-04
Info in <TCanvas::Print>: pdf file hists/out6_proton.pdf has been created
 FCN=83.9957 FROM MIGRAD    STATUS=CONVERGED     474 CALLS         475 TOTAL
                     EDM=1.13884e-08    STRATEGY= 1      ERROR MATRIX ACCURATE 
  EXT PARAMETER                                   STEP         FIRST   
  NO.   NAME      VALUE            ERROR          SIZE      DERIVATIVE 
   1  p0           1.35437e+03   2.33293e+01   3.93064e-02  -5.48351e-06
   2  p1           9.13624e-01   5.46144e-04   2.04264e-06   1.00517e-01
   3  p2           5.74067e-02   1.00990e-03   1.49015e-06  -3.87425e-01
   4  p3          -1.56420e+03   5.70479e+02   1.28584e-02  -2.02325e-05
   5  p4           2.52668e+03   1.31266e+03   1.53830e-02  -1.74726e-05
   6  p5          -6.67469e+01   7.25140e+02   1.76090e-02  -1.51578e-05
Info in <TCanvas::Print>: pdf file hists/out1_proton.pdf has been created
