+-------------------------------------------------------------------------
| COATJAVA LIBRARY DIRECTORY =  /group/clas12/packages/coatjava/6.5.3/bin/..//lib/clas/
+-------------------------------------------------------------------------
 
 
*****************************************
*    Running COAT-JAVA Groovy Scripts   *
*    Version : 3a  Release : 2016       *
*****************************************
 
 
[SystemFonts] ---> set size = 25, available 2
reader:: *****>>>>> openning file : /cache/clas12/rg-a/production/recon/fall2018/torus-1/pass1/v0/dst/train/skim4/skim4_005038.hipo
reader:: ***** dictionary entries :          135
reader:: ************ file size   :  20899891076
reader:: **** scan trailer #bytes :       119928
reader:: ***** number of  records :         3747
reader:: ***** number of  events  :      8934140
[DataSourceDump] --> opened file with events # 
Skipped 1988 events from /cache/clas12/rg-a/production/recon/fall2018/torus-1/pass1/v0/dst/train/skim4/skim4_005038.hipo
Fit:0: RuntimeWarning: Fit data is empty 
 FCN=76.0194 FROM MIGRAD    STATUS=CONVERGED      77 CALLS          78 TOTAL
                     EDM=2.80974e-09    STRATEGY= 1      ERROR MATRIX ACCURATE 
  EXT PARAMETER                                   STEP         FIRST   
  NO.   NAME      VALUE            ERROR          SIZE      DERIVATIVE 
   1  Constant     1.47760e+03   2.49551e+01   7.99059e-02  -1.86155e-06
   2  Mean         9.55052e-01   1.43030e-03   5.21158e-06  -4.33689e-02
   3  Sigma        8.21431e-02   1.36282e-03   1.72327e-05   5.73670e-03
 FCN=72.4356 FROM MIGRAD    STATUS=CONVERGED      78 CALLS          79 TOTAL
                     EDM=1.0362e-10    STRATEGY= 1      ERROR MATRIX ACCURATE 
  EXT PARAMETER                                   STEP         FIRST   
  NO.   NAME      VALUE            ERROR          SIZE      DERIVATIVE 
   1  Constant     1.54786e+03   2.50422e+01   7.64524e-02  -3.82658e-07
   2  Mean         9.41912e-01   1.47269e-03   5.55609e-06   3.84306e-03
   3  Sigma        9.13088e-02   1.59480e-03   1.86144e-05   4.31093e-04
 FCN=10.1373 FROM MIGRAD    STATUS=CONVERGED      68 CALLS          69 TOTAL
                     EDM=3.82616e-09    STRATEGY= 1  ERROR MATRIX UNCERTAINTY   4.0 per cent
  EXT PARAMETER                                   STEP         FIRST   
  NO.   NAME      VALUE            ERROR          SIZE      DERIVATIVE 
   1  Constant     3.09971e+02   1.04361e+01   2.66032e-02   1.20059e-05
   2  Mean         9.52541e-01   5.76056e-03  -8.82428e-06   9.55213e-03
   3  Sigma        1.24464e-01   7.47317e-03  -6.65707e-05   3.48634e-03
 FCN=2.86905 FROM MIGRAD    STATUS=CONVERGED      96 CALLS          97 TOTAL
                     EDM=4.11608e-10    STRATEGY= 1      ERROR MATRIX ACCURATE 
  EXT PARAMETER                                   STEP         FIRST   
  NO.   NAME      VALUE            ERROR          SIZE      DERIVATIVE 
   1  Constant     8.22813e+01   4.97256e+00   3.62549e-03  -3.58868e-06
   2  Mean         9.81331e-01   2.34720e-02   1.23367e-05  -6.40899e-05
   3  Sigma        1.62504e-01   2.97088e-02   4.08357e-05   1.77148e-04
 FCN=6.01047 FROM MIGRAD    STATUS=CONVERGED     104 CALLS         105 TOTAL
                     EDM=7.21029e-10    STRATEGY= 1      ERROR MATRIX ACCURATE 
  EXT PARAMETER                                   STEP         FIRST   
  NO.   NAME      VALUE            ERROR          SIZE      DERIVATIVE 
   1  Constant     2.87925e+01   2.97661e+00   2.90683e-03   1.39828e-05
   2  Mean         9.87260e-01   4.07858e-02   2.72257e-05  -1.57918e-03
   3  Sigma        1.60839e-01   5.01103e-02   8.99310e-05   4.35009e-04
 FCN=2.757 FROM MIGRAD    STATUS=CONVERGED      69 CALLS          70 TOTAL
                     EDM=1.27352e-06    STRATEGY= 1      ERROR MATRIX ACCURATE 
  EXT PARAMETER                                   STEP         FIRST   
  NO.   NAME      VALUE            ERROR          SIZE      DERIVATIVE 
   1  Constant     1.23885e+01   2.10605e+00   1.49909e-03   5.51516e-04
   2  Mean         9.23171e-01   1.69379e-02   1.57447e-05   7.85706e-02
   3  Sigma        9.99469e-02   1.90116e-02   5.20360e-05   1.05107e-02
 FCN=1.4539 FROM MIGRAD    STATUS=CONVERGED      95 CALLS          96 TOTAL
                     EDM=7.64737e-08    STRATEGY= 1      ERROR MATRIX ACCURATE 
  EXT PARAMETER                                   STEP         FIRST   
  NO.   NAME      VALUE            ERROR          SIZE      DERIVATIVE 
   1  Constant     5.55462e+00   1.54771e+00   8.09721e-04  -3.60674e-04
   2  Mean         1.03775e+00   1.52323e-01   3.11084e-05   7.23127e-03
   3  Sigma        1.57635e-01   1.17180e-01   8.47052e-05  -2.18777e-03
 FCN=3.64225 FROM MIGRAD    STATUS=CONVERGED     919 CALLS         920 TOTAL
                     EDM=1.51163e-06    STRATEGY= 1      ERROR MATRIX ACCURATE 
  EXT PARAMETER                                   STEP         FIRST   
  NO.   NAME      VALUE            ERROR          SIZE      DERIVATIVE 
   1  Constant     1.42381e+01   7.91728e+01   4.41502e-03  -3.10944e-04
   2  Mean         2.65536e+00   2.74437e+00   1.24764e-04   1.10421e-02
   3  Sigma        8.27633e-01   7.49309e-01   8.75011e-04  -1.58018e-03
 FCN=1.07227e-07 FROM MIGRAD    STATUS=CONVERGED      83 CALLS          84 TOTAL
                     EDM=2.14451e-07    STRATEGY= 1      ERROR MATRIX ACCURATE 
  EXT PARAMETER                                   STEP         FIRST   
  NO.   NAME      VALUE            ERROR          SIZE      DERIVATIVE 
   1  Constant     2.33733e+00   1.64457e+00   5.11352e-04  -5.78702e-04
   2  Mean         9.90006e-01   1.08244e-01   3.42118e-05   6.08283e-03
   3  Sigma        1.20855e-01   1.35846e-01   1.07609e-04  -2.69210e-03
Fit:0: RuntimeWarning: Fit data is empty 
 FCN=31.1056 FROM MIGRAD    STATUS=CONVERGED      80 CALLS          81 TOTAL
                     EDM=2.99711e-08    STRATEGY= 1      ERROR MATRIX ACCURATE 
  EXT PARAMETER                                   STEP         FIRST   
  NO.   NAME      VALUE            ERROR          SIZE      DERIVATIVE 
   1  Constant     1.32253e+03   2.30468e+01   4.82239e-02  -4.72389e-06
   2  Mean         9.64231e-01   1.70272e-03   3.82159e-06  -1.07355e-01
   3  Sigma        8.66734e-02   1.62213e-03   1.24694e-05   2.76879e-02
 FCN=49.8412 FROM MIGRAD    STATUS=CONVERGED      75 CALLS          76 TOTAL
                     EDM=2.37187e-08    STRATEGY= 1      ERROR MATRIX ACCURATE 
  EXT PARAMETER                                   STEP         FIRST   
  NO.   NAME      VALUE            ERROR          SIZE      DERIVATIVE 
   1  Constant     1.35898e+03   2.32115e+01   5.93206e-02  -1.27331e-05
   2  Mean         9.48871e-01   1.67987e-03   5.11280e-06   7.74049e-03
   3  Sigma        9.36017e-02   1.81000e-03   1.70195e-05  -2.92039e-02
 FCN=17.3448 FROM MIGRAD    STATUS=CONVERGED      74 CALLS          75 TOTAL
                     EDM=5.57722e-08    STRATEGY= 1      ERROR MATRIX ACCURATE 
  EXT PARAMETER                                   STEP         FIRST   
  NO.   NAME      VALUE            ERROR          SIZE      DERIVATIVE 
   1  Constant     3.52818e+02   1.15876e+01   1.75107e-02  -2.26616e-05
   2  Mean         9.34825e-01   3.54169e-03   6.86608e-06  -3.80185e-02
   3  Sigma        1.03653e-01   4.30289e-03   2.34098e-05   6.50852e-03
 FCN=1.54401 FROM MIGRAD    STATUS=CONVERGED      68 CALLS          69 TOTAL
                     EDM=4.89292e-07    STRATEGY= 1      ERROR MATRIX ACCURATE 
  EXT PARAMETER                                   STEP         FIRST   
  NO.   NAME      VALUE            ERROR          SIZE      DERIVATIVE 
   1  Constant     1.05944e+02   6.35431e+00   3.60720e-03   7.44002e-05
   2  Mean         9.27148e-01   5.78115e-03   4.42897e-06  -1.63823e-01
   3  Sigma        9.99202e-02   6.99161e-03   1.51897e-05   1.50770e-02
 FCN=7.99663 FROM MIGRAD    STATUS=CONVERGED      79 CALLS          80 TOTAL
                     EDM=5.33363e-08    STRATEGY= 1      ERROR MATRIX ACCURATE 
  EXT PARAMETER                                   STEP         FIRST   
  NO.   NAME      VALUE            ERROR          SIZE      DERIVATIVE 
   1  Constant     3.19724e+01   3.81398e+00   3.65646e-03  -7.22932e-05
   2  Mean         9.34134e-01   1.27379e-02   1.67671e-05   8.59356e-04
   3  Sigma        1.07250e-01   1.85431e-02   6.16765e-05   8.67841e-04
 FCN=4.89922 FROM MIGRAD    STATUS=CONVERGED      78 CALLS          79 TOTAL
                     EDM=1.38801e-06    STRATEGY= 1      ERROR MATRIX ACCURATE 
  EXT PARAMETER                                   STEP         FIRST   
  NO.   NAME      VALUE            ERROR          SIZE      DERIVATIVE 
   1  Constant     1.08341e+01   1.70069e+00   1.65911e-03  -1.00222e-03
   2  Mean         9.76048e-01   5.58194e-02   3.43321e-05   2.71168e-02
   3  Sigma        1.42088e-01   5.36965e-02   9.57018e-05  -1.67450e-02
 FCN=2.83717 FROM MIGRAD    STATUS=CONVERGED     267 CALLS         268 TOTAL
                     EDM=2.87452e-07    STRATEGY= 1      ERROR MATRIX ACCURATE 
  EXT PARAMETER                                   STEP         FIRST   
  NO.   NAME      VALUE            ERROR          SIZE      DERIVATIVE 
   1  Constant     1.46666e+01   7.64713e+01   2.53878e-03   7.09543e-05
   2  Mean         1.73856e+00   3.40322e+00   5.84129e-05  -2.35853e-03
   3  Sigma        5.16769e-01   6.30958e-01   8.63622e-05   8.50218e-04
 FCN=2.45569 FROM MIGRAD    STATUS=CONVERGED      85 CALLS          86 TOTAL
                     EDM=9.72033e-08    STRATEGY= 1      ERROR MATRIX ACCURATE 
  EXT PARAMETER                                   STEP         FIRST   
  NO.   NAME      VALUE            ERROR          SIZE      DERIVATIVE 
   1  Constant     4.77662e+00   1.72189e+00   1.03549e-03  -2.65137e-04
   2  Mean         9.83224e-01   3.54267e-02   1.90065e-05   1.05120e-02
   3  Sigma        7.30151e-02   3.43037e-02   7.32922e-05  -5.22720e-03
 FCN=0.966184 FROM MIGRAD    STATUS=CONVERGED      78 CALLS          79 TOTAL
                     EDM=9.66202e-08    STRATEGY= 1      ERROR MATRIX ACCURATE 
  EXT PARAMETER                                   STEP         FIRST   
  NO.   NAME      VALUE            ERROR          SIZE      DERIVATIVE 
   1  Constant     1.59555e+00   1.06695e+00   4.45385e-04  -5.74157e-04
   2  Mean         9.67500e-01   4.65762e-02   3.17480e-05  -8.74246e-12
   3  Sigma        8.05052e-02   8.33547e-02   1.86236e-04  -1.59917e-03
Fit:0: RuntimeWarning: Fit data is empty 
 FCN=120.577 FROM MIGRAD    STATUS=CONVERGED      87 CALLS          88 TOTAL
                     EDM=4.94085e-08    STRATEGY= 1      ERROR MATRIX ACCURATE 
  EXT PARAMETER                                   STEP         FIRST   
  NO.   NAME      VALUE            ERROR          SIZE      DERIVATIVE 
   1  Constant     6.93385e+02   1.64573e+01   6.08463e-02   2.15436e-05
   2  Mean         9.21094e-01   3.03104e-03   1.55879e-05  -6.11908e-02
   3  Sigma        1.19668e-01   4.53729e-03   5.71618e-05   2.52151e-02
 FCN=156.179 FROM MIGRAD    STATUS=CONVERGED      91 CALLS          92 TOTAL
                     EDM=4.04512e-09    STRATEGY= 1      ERROR MATRIX ACCURATE 
  EXT PARAMETER                                   STEP         FIRST   
  NO.   NAME      VALUE            ERROR          SIZE      DERIVATIVE 
   1  Constant     1.10368e+03   2.08003e+01   8.55462e-02  -3.04545e-06
   2  Mean         8.91512e-01   3.11344e-03   1.72639e-05  -3.03638e-02
   3  Sigma        1.37373e-01   5.34507e-03   6.68503e-05  -3.77087e-03
 FCN=20.4351 FROM MIGRAD    STATUS=CONVERGED     101 CALLS         102 TOTAL
                     EDM=1.26458e-06    STRATEGY= 1      ERROR MATRIX ACCURATE 
  EXT PARAMETER                                   STEP         FIRST   
  NO.   NAME      VALUE            ERROR          SIZE      DERIVATIVE 
   1  Constant     2.70009e+02   9.68249e+00   1.47250e-02   2.34324e-04
   2  Mean         9.30337e-01   1.22443e-02   2.58865e-05  -3.18138e-02
   3  Sigma        2.03238e-01   3.01090e-02   1.19413e-04   1.75814e-02
 FCN=6.2375 FROM MIGRAD    STATUS=CONVERGED     108 CALLS         109 TOTAL
                     EDM=1.97552e-07    STRATEGY= 1  ERROR MATRIX UNCERTAINTY   2.5 per cent
  EXT PARAMETER                                   STEP         FIRST   
  NO.   NAME      VALUE            ERROR          SIZE      DERIVATIVE 
   1  Constant     7.53613e+01   4.74357e+00  -3.99576e-03  -1.10007e-04
   2  Mean         8.65599e-01   4.96496e-02   3.51027e-04   1.16273e-02
   3  Sigma        2.45887e-01   9.69730e-02  -1.41729e-03   2.49743e-03
 FCN=4.94538 FROM MIGRAD    STATUS=CONVERGED      96 CALLS          97 TOTAL
                     EDM=1.46023e-06    STRATEGY= 1      ERROR MATRIX ACCURATE 
  EXT PARAMETER                                   STEP         FIRST   
  NO.   NAME      VALUE            ERROR          SIZE      DERIVATIVE 
   1  Constant     2.18878e+01   2.82885e+00   2.19404e-03   4.90186e-04
   2  Mean         9.24798e-01   4.74280e-02   5.46198e-05   2.96903e-02
   3  Sigma        2.17892e-01   1.31395e-01   2.72843e-04   3.17294e-03
 FCN=1.81208 FROM MIGRAD    STATUS=CONVERGED     105 CALLS         106 TOTAL
                     EDM=4.74383e-08    STRATEGY= 1      ERROR MATRIX ACCURATE 
  EXT PARAMETER                                   STEP         FIRST   
  NO.   NAME      VALUE            ERROR          SIZE      DERIVATIVE 
   1  Constant     1.14360e+01   1.95151e+00   1.11721e-03   1.38470e-04
   2  Mean         8.83846e-01   6.80833e-02   3.65558e-05  -3.47436e-03
   3  Sigma        1.84082e-01   1.17147e-01   1.42597e-04   2.59428e-04
 FCN=3.84944 FROM MIGRAD    STATUS=CONVERGED     400 CALLS         401 TOTAL
                     EDM=1.22381e-07    STRATEGY= 1      ERROR MATRIX ACCURATE 
  EXT PARAMETER                                   STEP         FIRST   
  NO.   NAME      VALUE            ERROR          SIZE      DERIVATIVE 
   1  Constant     1.85912e+01   1.24102e+02   3.70541e-03  -1.40397e-04
   2  Mean        -8.08180e-01   3.86834e+00   1.15386e-04  -4.48961e-03
   3  Sigma        9.97787e-01   4.99532e-01   6.09669e-03** at limit **
 FCN=1.18619 FROM MIGRAD    STATUS=CONVERGED      76 CALLS          77 TOTAL
                     EDM=4.34346e-09    STRATEGY= 1      ERROR MATRIX ACCURATE 
  EXT PARAMETER                                   STEP         FIRST   
  NO.   NAME      VALUE            ERROR          SIZE      DERIVATIVE 
   1  Constant     4.41736e+00   1.97243e+00   8.90324e-04  -2.39542e-05
   2  Mean         9.36310e-01   2.57307e-02   1.81305e-05   2.62601e-03
   3  Sigma        8.26601e-02   3.29189e-02   6.55742e-05  -6.37985e-04
 FCN=0.000170488 FROM MIGRAD    STATUS=CONVERGED     156 CALLS         157 TOTAL
                     EDM=1.57627e-07    STRATEGY= 1      ERROR MATRIX ACCURATE 
  EXT PARAMETER                                   STEP         FIRST   
  NO.   NAME      VALUE            ERROR          SIZE      DERIVATIVE 
   1  Constant     2.01008e+00   7.10661e-01   3.47045e-04   4.69966e-04
   2  Mean         9.45000e-01   2.89471e+00   1.35899e-03  -2.56293e-14
   3  Sigma        8.11188e-01   6.27831e-01   3.35213e-02  -5.85491e-06
Fit:0: RuntimeWarning: Fit data is empty 
 FCN=105.857 FROM MIGRAD    STATUS=CONVERGED      82 CALLS          83 TOTAL
                     EDM=1.86837e-09    STRATEGY= 1      ERROR MATRIX ACCURATE 
  EXT PARAMETER                                   STEP         FIRST   
  NO.   NAME      VALUE            ERROR          SIZE      DERIVATIVE 
   1  Constant     1.39428e+03   2.39077e+01   8.80573e-02  -1.98666e-06
   2  Mean         9.39322e-01   1.51549e-03   6.87045e-06   5.12944e-03
   3  Sigma        8.94204e-02   1.60580e-03   2.29018e-05   2.15376e-03
 FCN=72.1184 FROM MIGRAD    STATUS=CONVERGED      74 CALLS          75 TOTAL
                     EDM=6.89372e-09    STRATEGY= 1      ERROR MATRIX ACCURATE 
  EXT PARAMETER                                   STEP         FIRST   
  NO.   NAME      VALUE            ERROR          SIZE      DERIVATIVE 
   1  Constant     1.42038e+03   2.42773e+01   7.39626e-02   3.72524e-07
   2  Mean         9.46045e-01   1.50669e-03   5.59095e-06  -6.05435e-02
   3  Sigma        8.85631e-02   1.59595e-03   1.87918e-05   1.96927e-02
 FCN=5.27869 FROM MIGRAD    STATUS=CONVERGED      74 CALLS          75 TOTAL
                     EDM=1.56902e-07    STRATEGY= 1      ERROR MATRIX ACCURATE 
  EXT PARAMETER                                   STEP         FIRST   
  NO.   NAME      VALUE            ERROR          SIZE      DERIVATIVE 
   1  Constant     3.53539e+02   1.14459e+01   1.03963e-02   4.66025e-05
   2  Mean         9.55594e-01   3.86075e-03   3.95815e-06  -2.47788e-02
   3  Sigma        1.02166e-01   4.25045e-03   1.30080e-05   4.86069e-02
 FCN=5.99351 FROM MIGRAD    STATUS=CONVERGED      78 CALLS          79 TOTAL
                     EDM=1.12029e-06    STRATEGY= 1      ERROR MATRIX ACCURATE 
  EXT PARAMETER                                   STEP         FIRST   
  NO.   NAME      VALUE            ERROR          SIZE      DERIVATIVE 
   1  Constant     9.09060e+01   5.59588e+00   5.27177e-03  -1.01214e-04
   2  Mean         9.66849e-01   1.37232e-02   1.16928e-05   1.64812e-01
   3  Sigma        1.31482e-01   1.69713e-02   3.88385e-05  -3.36461e-02
 FCN=5.37825 FROM MIGRAD    STATUS=CONVERGED     120 CALLS         121 TOTAL
                     EDM=3.78958e-07    STRATEGY= 1      ERROR MATRIX ACCURATE 
  EXT PARAMETER                                   STEP         FIRST   
  NO.   NAME      VALUE            ERROR          SIZE      DERIVATIVE 
   1  Constant     2.58654e+01   2.55977e+00   2.48612e-03   1.90583e-04
   2  Mean         9.98106e-01   1.48558e-01   5.92035e-05  -1.72812e-02
   3  Sigma        2.61261e-01   2.03961e-01   2.11795e-04   4.14341e-03
 FCN=5.26475 FROM MIGRAD    STATUS=CONVERGED      68 CALLS          69 TOTAL
                     EDM=1.68349e-06    STRATEGY= 1      ERROR MATRIX ACCURATE 
  EXT PARAMETER                                   STEP         FIRST   
  NO.   NAME      VALUE            ERROR          SIZE      DERIVATIVE 
   1  Constant     1.19415e+01   2.36925e+00   2.01163e-03   2.42685e-05
   2  Mean         9.25324e-01   1.65752e-02   1.65709e-05  -7.27783e-02
   3  Sigma        8.42068e-02   1.66588e-02   5.41998e-05   3.18801e-02
 FCN=6.29798 FROM MIGRAD    STATUS=CONVERGED     120 CALLS         121 TOTAL
                     EDM=2.23132e-08    STRATEGY= 1      ERROR MATRIX ACCURATE 
  EXT PARAMETER                                   STEP         FIRST   
  NO.   NAME      VALUE            ERROR          SIZE      DERIVATIVE 
   1  Constant     5.13857e+00   1.14750e+00   1.24366e-03  -4.67265e-05
   2  Mean         9.98686e-01   2.26026e-01   7.47661e-05   1.07767e-03
   3  Sigma        1.78417e-01   1.99422e-01   2.05891e-04  -4.91681e-05
 FCN=0.287355 FROM MIGRAD    STATUS=CONVERGED     121 CALLS         122 TOTAL
                     EDM=7.99701e-08    STRATEGY= 1      ERROR MATRIX ACCURATE 
  EXT PARAMETER                                   STEP         FIRST   
  NO.   NAME      VALUE            ERROR          SIZE      DERIVATIVE 
   1  Constant     6.82135e+00   8.57223e+00   7.75973e-04  -2.01912e-04
   2  Mean         1.14968e+00   4.74115e-01   1.99980e-05   9.36649e-03
   3  Sigma        1.86476e-01   1.98374e-01   4.29970e-05  -4.07441e-03
Fit:0: RuntimeWarning: Abnormal termination of minimization.
 FCN=1.20327 FROM MIGRAD    STATUS=CALL LIMIT   1348 CALLS        1349 TOTAL
                     EDM=0.00010645    STRATEGY= 1  ERROR MATRIX UNCERTAINTY  40.2 per cent
  EXT PARAMETER                APPROXIMATE        STEP         FIRST   
  NO.   NAME      VALUE            ERROR          SIZE      DERIVATIVE 
   1  Constant     4.34685e+03   4.38554e+04   2.61064e+01  -1.69065e-06
   2  Mean        -2.74814e+00   3.54867e+00  -2.16633e-03  -2.94880e-02
   3  Sigma        9.19442e-01   8.11518e-01   2.38305e-03  -1.09559e-02
Fit:0: RuntimeWarning: Fit data is empty 
 FCN=228.548 FROM MIGRAD    STATUS=CONVERGED      84 CALLS          85 TOTAL
                     EDM=3.42541e-08    STRATEGY= 1      ERROR MATRIX ACCURATE 
  EXT PARAMETER                                   STEP         FIRST   
  NO.   NAME      VALUE            ERROR          SIZE      DERIVATIVE 
   1  Constant     1.75957e+03   2.71408e+01   1.42849e-01  -7.43042e-06
   2  Mean         9.26531e-01   1.36326e-03   9.34888e-06   1.62606e-02
   3  Sigma        9.27571e-02   1.56096e-03   3.18077e-05   1.08061e-02
 FCN=100.061 FROM MIGRAD    STATUS=CONVERGED      66 CALLS          67 TOTAL
                     EDM=4.87899e-07    STRATEGY= 1      ERROR MATRIX ACCURATE 
  EXT PARAMETER                                   STEP         FIRST   
  NO.   NAME      VALUE            ERROR          SIZE      DERIVATIVE 
   1  Constant     1.37240e+03   2.45198e+01   8.70591e-02  -1.62346e-05
   2  Mean         9.33981e-01   1.34333e-03   6.15244e-06   7.23617e-01
   3  Sigma        8.31139e-02   1.41927e-03   2.10192e-05  -1.49202e-01
 FCN=15.267 FROM MIGRAD    STATUS=CONVERGED      76 CALLS          77 TOTAL
                     EDM=8.48043e-10    STRATEGY= 1      ERROR MATRIX ACCURATE 
  EXT PARAMETER                                   STEP         FIRST   
  NO.   NAME      VALUE            ERROR          SIZE      DERIVATIVE 
   1  Constant     3.54582e+02   1.22448e+01   1.72388e-02   3.84502e-06
   2  Mean         9.44785e-01   2.95069e-03   5.47867e-06  -9.76274e-04
   3  Sigma        9.13737e-02   3.45548e-03   1.92033e-05   4.03367e-03
 FCN=7.08257 FROM MIGRAD    STATUS=CONVERGED      76 CALLS          77 TOTAL
                     EDM=2.98843e-08    STRATEGY= 1      ERROR MATRIX ACCURATE 
  EXT PARAMETER                                   STEP         FIRST   
  NO.   NAME      VALUE            ERROR          SIZE      DERIVATIVE 
   1  Constant     9.26502e+01   5.79729e+00   5.89526e-03   2.49602e-05
   2  Mean         9.48545e-01   8.51143e-03   9.66402e-06   1.37701e-02
   3  Sigma        1.09792e-01   9.85870e-03   3.17019e-05   6.07922e-03
 FCN=3.6009 FROM MIGRAD    STATUS=CONVERGED      86 CALLS          87 TOTAL
                     EDM=2.33176e-09    STRATEGY= 1      ERROR MATRIX ACCURATE 
  EXT PARAMETER                                   STEP         FIRST   
  NO.   NAME      VALUE            ERROR          SIZE      DERIVATIVE 
   1  Constant     2.90178e+01   3.36475e+00   2.48628e-03  -1.70324e-05
   2  Mean         9.65508e-01   1.87649e-02   1.39570e-05   3.36296e-03
   3  Sigma        1.15439e-01   2.29887e-02   4.71682e-05  -4.74182e-04
 FCN=1.98989 FROM MIGRAD    STATUS=CONVERGED      67 CALLS          68 TOTAL
                     EDM=2.69188e-08    STRATEGY= 1      ERROR MATRIX ACCURATE 
  EXT PARAMETER                                   STEP         FIRST   
  NO.   NAME      VALUE            ERROR          SIZE      DERIVATIVE 
   1  Constant     1.42673e+01   2.27023e+00   1.46076e-03   5.25794e-05
   2  Mean         9.40614e-01   1.59943e-02   1.23042e-05  -1.50813e-02
   3  Sigma        9.51866e-02   1.62653e-02   3.90319e-05   2.99264e-03
 FCN=1.02313 FROM MIGRAD    STATUS=CONVERGED     241 CALLS         242 TOTAL
                     EDM=2.81884e-07    STRATEGY= 1      ERROR MATRIX ACCURATE 
  EXT PARAMETER                                   STEP         FIRST   
  NO.   NAME      VALUE            ERROR          SIZE      DERIVATIVE 
   1  Constant     7.56923e+00   6.79291e+00   8.42413e-04  -2.25942e-04
   2  Mean         1.36312e+00   1.24831e+00   1.54527e-04   9.70515e-04
   3  Sigma        7.64994e-01   6.75292e-01   1.05124e-02  -3.78358e-05
 FCN=1.58382 FROM MIGRAD    STATUS=CONVERGED      80 CALLS          81 TOTAL
                     EDM=2.08233e-07    STRATEGY= 1      ERROR MATRIX ACCURATE 
  EXT PARAMETER                                   STEP         FIRST   
  NO.   NAME      VALUE            ERROR          SIZE      DERIVATIVE 
   1  Constant     2.41480e+00   1.26600e+00   5.61117e-04   1.33035e-04
   2  Mean         9.24290e-01   3.77450e-02   2.68428e-05   1.68085e-02
   3  Sigma        9.29808e-02   6.17086e-02   1.04961e-04  -1.64643e-03
 FCN=0.592035 FROM MIGRAD    STATUS=CONVERGED     660 CALLS         661 TOTAL
                     EDM=1.23961e-06    STRATEGY= 1      ERROR MATRIX ACCURATE 
  EXT PARAMETER                                   STEP         FIRST   
  NO.   NAME      VALUE            ERROR          SIZE      DERIVATIVE 
   1  Constant     7.52678e+00   2.07017e+02   1.98653e-03   9.88666e-05
   2  Mean        -8.00791e-01   1.42207e+01   1.36889e-04   1.45517e-03
   3  Sigma        9.51628e-01   6.51397e-01   8.89437e-03   5.87028e-05
Fit:0: RuntimeWarning: Fit data is empty 
 FCN=119.87 FROM MIGRAD    STATUS=CONVERGED      82 CALLS          83 TOTAL
                     EDM=4.08193e-09    STRATEGY= 1      ERROR MATRIX ACCURATE 
  EXT PARAMETER                                   STEP         FIRST   
  NO.   NAME      VALUE            ERROR          SIZE      DERIVATIVE 
   1  Constant     1.39116e+03   2.37374e+01   9.23656e-02  -2.85691e-06
   2  Mean         9.34172e-01   1.56141e-03   7.61579e-06   4.17476e-03
   3  Sigma        9.25013e-02   1.71281e-03   2.54197e-05   3.79688e-03
 FCN=133.213 FROM MIGRAD    STATUS=CONVERGED      76 CALLS          77 TOTAL
                     EDM=2.47279e-09    STRATEGY= 1      ERROR MATRIX ACCURATE 
  EXT PARAMETER                                   STEP         FIRST   
  NO.   NAME      VALUE            ERROR          SIZE      DERIVATIVE 
   1  Constant     1.54651e+03   2.56871e+01   1.04683e-01  -2.24693e-06
   2  Mean         9.34543e-01   1.36335e-03   7.07412e-06   9.27580e-03
   3  Sigma        8.72200e-02   1.47263e-03   2.39573e-05   1.75960e-03
 FCN=20.0974 FROM MIGRAD    STATUS=CONVERGED      75 CALLS          76 TOTAL
                     EDM=3.68687e-07    STRATEGY= 1      ERROR MATRIX ACCURATE 
  EXT PARAMETER                                   STEP         FIRST   
  NO.   NAME      VALUE            ERROR          SIZE      DERIVATIVE 
   1  Constant     3.72194e+02   1.22590e+01   1.92067e-02  -5.29069e-05
   2  Mean         9.27948e-01   3.34842e-03   7.27185e-06   4.94172e-02
   3  Sigma        1.04750e-01   4.50007e-03   2.59842e-05   1.24050e-02
 FCN=19.9701 FROM MIGRAD    STATUS=CONVERGED      78 CALLS          79 TOTAL
                     EDM=2.9916e-09    STRATEGY= 1  ERROR MATRIX UNCERTAINTY   2.6 per cent
  EXT PARAMETER                                   STEP         FIRST   
  NO.   NAME      VALUE            ERROR          SIZE      DERIVATIVE 
   1  Constant     8.95326e+01   5.36940e+00  -7.55274e-03  -1.28106e-05
   2  Mean         9.62287e-01   1.58007e-02  -4.99589e-05   1.26880e-04
   3  Sigma        1.38351e-01   1.91258e-02  -9.33205e-05   7.13822e-04
 FCN=1.65077 FROM MIGRAD    STATUS=CONVERGED      77 CALLS          78 TOTAL
                     EDM=3.53447e-08    STRATEGY= 1      ERROR MATRIX ACCURATE 
  EXT PARAMETER                                   STEP         FIRST   
  NO.   NAME      VALUE            ERROR          SIZE      DERIVATIVE 
   1  Constant     3.26446e+01   3.30703e+00   1.91700e-03  -8.72389e-05
   2  Mean         9.49252e-01   1.82600e-02   1.25234e-05  -6.42062e-03
   3  Sigma        1.33759e-01   2.57890e-02   4.42936e-05  -2.45351e-03
 FCN=3.13311 FROM MIGRAD    STATUS=CONVERGED      79 CALLS          80 TOTAL
                     EDM=1.31722e-06    STRATEGY= 1      ERROR MATRIX ACCURATE 
  EXT PARAMETER                                   STEP         FIRST   
  NO.   NAME      VALUE            ERROR          SIZE      DERIVATIVE 
   1  Constant     1.10260e+01   2.02588e+00   1.41541e-03  -3.76902e-04
   2  Mean         9.47550e-01   3.04677e-02   2.36098e-05   5.20275e-02
   3  Sigma        1.22881e-01   4.02092e-02   8.12012e-05  -3.62546e-03
 FCN=1.8544 FROM MIGRAD    STATUS=CONVERGED      78 CALLS          79 TOTAL
                     EDM=5.46441e-08    STRATEGY= 1      ERROR MATRIX ACCURATE 
  EXT PARAMETER                                   STEP         FIRST   
  NO.   NAME      VALUE            ERROR          SIZE      DERIVATIVE 
   1  Constant     5.76581e+00   1.67243e+00   9.30493e-04  -2.09035e-04
   2  Mean         9.35532e-01   4.06057e-02   2.75478e-05  -6.27125e-03
   3  Sigma        1.20299e-01   5.06335e-02   8.74392e-05   1.57876e-06
 FCN=3.05917 FROM MIGRAD    STATUS=CONVERGED     149 CALLS         150 TOTAL
                     EDM=6.4359e-07    STRATEGY= 1      ERROR MATRIX ACCURATE 
  EXT PARAMETER                                   STEP         FIRST   
  NO.   NAME      VALUE            ERROR          SIZE      DERIVATIVE 
   1  Constant     2.05616e+00   8.02797e-01   6.11779e-04  -5.77046e-04
   2  Mean         9.57921e-01   1.86109e-01   1.12260e-04   5.04391e-03
   3  Sigma        1.77577e-01   2.21908e-01   3.89268e-04  -1.12654e-04
 FCN=0.307748 FROM MIGRAD    STATUS=CONVERGED     484 CALLS         485 TOTAL
                     EDM=3.42108e-06    STRATEGY= 1      ERROR MATRIX ACCURATE 
  EXT PARAMETER                                   STEP         FIRST   
  NO.   NAME      VALUE            ERROR          SIZE      DERIVATIVE 
   1  Constant     6.39115e+00   7.19704e+01   1.37459e-03  -6.09346e-04
   2  Mean        -6.24293e-01   4.92912e+00   9.44587e-05  -8.59735e-03
   3  Sigma        8.13110e-01   6.69699e-01   5.10937e-03  -2.19899e-04
Info in <TCanvas::Print>: pdf file hists/out10h6s.pdf has been created
Fit:0: RuntimeWarning: Fit data is empty 
 FCN=466.766 FROM MIGRAD    STATUS=CONVERGED      81 CALLS          82 TOTAL
                     EDM=1.16107e-09    STRATEGY= 1      ERROR MATRIX ACCURATE 
  EXT PARAMETER                                   STEP         FIRST   
  NO.   NAME      VALUE            ERROR          SIZE      DERIVATIVE 
   1  Constant     7.93610e+03   5.60144e+01   4.34260e-01   1.05180e-06
   2  Mean         9.41555e-01   6.77507e-04   6.33487e-06  -1.64076e-02
   3  Sigma        9.29795e-02   7.22314e-04   2.08723e-05   8.35738e-03
 FCN=433.485 FROM MIGRAD    STATUS=CONVERGED      72 CALLS          73 TOTAL
                     EDM=6.96818e-08    STRATEGY= 1      ERROR MATRIX ACCURATE 
  EXT PARAMETER                                   STEP         FIRST   
  NO.   NAME      VALUE            ERROR          SIZE      DERIVATIVE 
   1  Constant     8.22845e+03   5.77577e+01   4.22299e-01  -5.17401e-06
   2  Mean         9.36311e-01   6.54365e-04   6.16303e-06  -8.20958e-02
   3  Sigma        9.51527e-02   7.59126e-04   2.10462e-05   3.66905e-02
 FCN=50.7382 FROM MIGRAD    STATUS=CONVERGED      66 CALLS          67 TOTAL
                     EDM=1.67699e-09    STRATEGY= 1  ERROR MATRIX UNCERTAINTY   1.9 per cent
  EXT PARAMETER                                   STEP         FIRST   
  NO.   NAME      VALUE            ERROR          SIZE      DERIVATIVE 
   1  Constant     2.00035e+03   2.73754e+01   4.80867e-02  -1.25685e-06
   2  Mean         9.41295e-01   1.72110e-03  -1.03955e-06   1.10557e-02
   3  Sigma        1.12586e-01   2.25569e-03  -1.19600e-05   5.18788e-03
 FCN=16.4769 FROM MIGRAD    STATUS=CONVERGED      90 CALLS          91 TOTAL
                     EDM=3.42488e-09    STRATEGY= 1      ERROR MATRIX ACCURATE 
  EXT PARAMETER                                   STEP         FIRST   
  NO.   NAME      VALUE            ERROR          SIZE      DERIVATIVE 
   1  Constant     5.30191e+02   1.36416e+01   1.98169e-02   6.21411e-06
   2  Mean         9.46452e-01   4.67592e-03   7.97600e-06   1.39470e-03
   3  Sigma        1.33458e-01   6.76383e-03   2.84778e-05   4.89855e-03
 FCN=9.35778 FROM MIGRAD    STATUS=CONVERGED      94 CALLS          95 TOTAL
                     EDM=2.41088e-09    STRATEGY= 1      ERROR MATRIX ACCURATE 
  EXT PARAMETER                                   STEP         FIRST   
  NO.   NAME      VALUE            ERROR          SIZE      DERIVATIVE 
   1  Constant     1.71517e+02   7.67756e+00   8.58017e-03  -5.42749e-06
   2  Mean         9.54661e-01   1.02917e-02   1.22016e-05   8.52087e-03
   3  Sigma        1.44695e-01   1.51885e-02   4.37530e-05  -1.39012e-03
 FCN=6.33317 FROM MIGRAD    STATUS=CONVERGED      78 CALLS          79 TOTAL
                     EDM=1.15403e-06    STRATEGY= 1      ERROR MATRIX ACCURATE 
  EXT PARAMETER                                   STEP         FIRST   
  NO.   NAME      VALUE            ERROR          SIZE      DERIVATIVE 
   1  Constant     7.28290e+01   5.18593e+00   4.90363e-03  -2.30271e-04
   2  Mean         9.33027e-01   8.95672e-03   1.09723e-05   3.15259e-02
   3  Sigma        1.14016e-01   1.18784e-02   3.82262e-05   7.10400e-03
 FCN=4.03638 FROM MIGRAD    STATUS=CONVERGED     111 CALLS         112 TOTAL
                     EDM=4.29181e-09    STRATEGY= 1      ERROR MATRIX ACCURATE 
  EXT PARAMETER                                   STEP         FIRST   
  NO.   NAME      VALUE            ERROR          SIZE      DERIVATIVE 
   1  Constant     3.45527e+01   5.08010e+00   2.71158e-03   1.77580e-05
   2  Mean         1.05130e+00   1.39973e-01   2.86830e-05   6.01304e-04
   3  Sigma        2.25793e-01   1.14657e-01   7.81356e-05  -4.51023e-04
 FCN=2.63919 FROM MIGRAD    STATUS=CONVERGED      77 CALLS          78 TOTAL
                     EDM=1.55288e-07    STRATEGY= 1      ERROR MATRIX ACCURATE 
  EXT PARAMETER                                   STEP         FIRST   
  NO.   NAME      VALUE            ERROR          SIZE      DERIVATIVE 
   1  Constant     1.97453e+01   2.53242e+00   1.86304e-03   2.16261e-05
   2  Mean         9.88701e-01   3.03100e-02   1.51657e-05  -2.07140e-02
   3  Sigma        1.16982e-01   2.79404e-02   4.49399e-05   9.50291e-03
Fit:0: RuntimeWarning: Abnormal termination of minimization.
 FCN=8.91549 FROM MIGRAD    STATUS=CALL LIMIT   1347 CALLS        1348 TOTAL
                     EDM=1.75335e-05    STRATEGY= 1  ERROR MATRIX UNCERTAINTY  33.2 per cent
  EXT PARAMETER                APPROXIMATE        STEP         FIRST   
  NO.   NAME      VALUE            ERROR          SIZE      DERIVATIVE 
   1  Constant     3.81016e+02   3.50503e+03   7.95197e+00  -5.30099e-05
   2  Mean         3.16333e+00   4.80752e+00   9.18741e-03   7.95245e-02
   3  Sigma        7.48862e-01   7.85115e-01   4.26063e-03  -7.27868e-02
Info in <TCanvas::Print>: pdf file hists/out10h.pdf has been created
 FCN=138.44 FROM MIGRAD    STATUS=CONVERGED      83 CALLS          84 TOTAL
                     EDM=5.33039e-08    STRATEGY= 1      ERROR MATRIX ACCURATE 
  EXT PARAMETER                                   STEP         FIRST   
  NO.   NAME      VALUE            ERROR          SIZE      DERIVATIVE 
   1  Constant     3.44202e+03   3.71355e+01   1.57283e-01  -1.13021e-05
   2  Mean         9.49168e-01   1.03944e-03   5.20382e-06  -6.09621e-02
   3  Sigma        9.19345e-02   1.10081e-03   1.72763e-05  -4.42643e-02
 FCN=74.8472 FROM MIGRAD    STATUS=CONVERGED      73 CALLS          74 TOTAL
                     EDM=1.83323e-08    STRATEGY= 1      ERROR MATRIX ACCURATE 
  EXT PARAMETER                                   STEP         FIRST   
  NO.   NAME      VALUE            ERROR          SIZE      DERIVATIVE 
   1  Constant     3.16703e+03   3.51407e+01   1.10927e-01   5.59223e-06
   2  Mean         9.53424e-01   1.13180e-03   4.10188e-06  -3.80178e-02
   3  Sigma        9.35508e-02   1.18218e-03   1.34749e-05   5.71150e-02
 FCN=286.344 FROM MIGRAD    STATUS=CONVERGED      85 CALLS          86 TOTAL
                     EDM=4.09026e-07    STRATEGY= 1      ERROR MATRIX ACCURATE 
  EXT PARAMETER                                   STEP         FIRST   
  NO.   NAME      VALUE            ERROR          SIZE      DERIVATIVE 
   1  Constant     2.17005e+03   2.89780e+01   1.60706e-01   3.46007e-05
   2  Mean         9.05690e-01   2.12498e-03   1.73629e-05  -2.19772e-01
   3  Sigma        1.40102e-01   3.90581e-03   6.91842e-05   7.52510e-02
 FCN=165.818 FROM MIGRAD    STATUS=CONVERGED      74 CALLS          75 TOTAL
                     EDM=1.38976e-10    STRATEGY= 1      ERROR MATRIX ACCURATE 
  EXT PARAMETER                                   STEP         FIRST   
  NO.   NAME      VALUE            ERROR          SIZE      DERIVATIVE 
   1  Constant     3.30419e+03   3.64886e+01   1.68122e-01  -3.06073e-09
   2  Mean         9.44497e-01   1.03850e-03   5.79540e-06   9.37429e-03
   3  Sigma        9.20033e-02   1.11701e-03   1.93249e-05   2.12712e-03
 FCN=276.914 FROM MIGRAD    STATUS=CONVERGED      74 CALLS          75 TOTAL
                     EDM=2.73347e-09    STRATEGY= 1      ERROR MATRIX ACCURATE 
  EXT PARAMETER                                   STEP         FIRST   
  NO.   NAME      VALUE            ERROR          SIZE      DERIVATIVE 
   1  Constant     3.63258e+03   3.88969e+01   2.28366e-01  -1.43543e-06
   2  Mean         9.31973e-01   9.10517e-04   6.88673e-06   5.53432e-03
   3  Sigma        8.98905e-02   1.00611e-03   2.33110e-05   5.15741e-03
 FCN=271.04 FROM MIGRAD    STATUS=CONVERGED      72 CALLS          73 TOTAL
                     EDM=3.3982e-08    STRATEGY= 1      ERROR MATRIX ACCURATE 
  EXT PARAMETER                                   STEP         FIRST   
  NO.   NAME      VALUE            ERROR          SIZE      DERIVATIVE 
   1  Constant     3.44846e+03   3.76648e+01   2.17989e-01  -5.23682e-06
   2  Mean         9.34262e-01   9.86144e-04   7.28119e-06   4.36201e-02
   3  Sigma        9.27405e-02   1.11143e-03   2.46506e-05   1.38794e-02
Info in <TCanvas::Print>: pdf file hists/out6s.pdf has been created
 FCN=936.706 FROM MIGRAD    STATUS=CONVERGED      75 CALLS          76 TOTAL
                     EDM=1.55436e-07    STRATEGY= 1      ERROR MATRIX ACCURATE 
  EXT PARAMETER                                   STEP         FIRST   
  NO.   NAME      VALUE            ERROR          SIZE      DERIVATIVE 
   1  Constant     1.89710e+04   8.65835e+01   9.36185e-01   8.28504e-06
   2  Mean         9.39379e-01   4.54773e-04   6.15314e-06  -2.10125e-01
   3  Sigma        9.73621e-02   5.22227e-04   2.07681e-05   1.62010e-01
Info in <TCanvas::Print>: pdf file hists/out1h.pdf has been created
